Using pre-set license
Built from '2021.3/staging' branch; Version is '2021.3.20f1 (577897200b8b) revision 5732503'; Using compiler version '192829333'; Build Type 'Release'
OS: 'Windows 11  (10.0.22621) 64bit Core' Language: 'en' Physical Memory: 32451 MB
BatchMode: 1, IsHumanControllingUs: 0, StartBugReporterOnCrash: 0, Is64bit: 1, IsPro: 1

COMMAND LINE ARGUMENTS:
C:\Program Files\Unity\Hub\Editor\2021.3.20f1\Editor\Unity.exe
-adb2
-batchMode
-noUpm
-name
AssetImportWorker0
-projectPath
C:/School/Fork/COMP250---Nightmare-Labyrinth/Unity/COMP250 AI Project
-logFile
Logs/AssetImportWorker0.log
-srvPort
52584
Successfully changed project path to: C:/School/Fork/COMP250---Nightmare-Labyrinth/Unity/COMP250 AI Project
C:/School/Fork/COMP250---Nightmare-Labyrinth/Unity/COMP250 AI Project
[UnityMemory] Configuration Parameters - Can be set up in boot.config
    "memorysetup-bucket-allocator-granularity=16"
    "memorysetup-bucket-allocator-bucket-count=8"
    "memorysetup-bucket-allocator-block-size=33554432"
    "memorysetup-bucket-allocator-block-count=8"
    "memorysetup-main-allocator-block-size=16777216"
    "memorysetup-thread-allocator-block-size=16777216"
    "memorysetup-gfx-main-allocator-block-size=16777216"
    "memorysetup-gfx-thread-allocator-block-size=16777216"
    "memorysetup-cache-allocator-block-size=4194304"
    "memorysetup-typetree-allocator-block-size=2097152"
    "memorysetup-profiler-bucket-allocator-granularity=16"
    "memorysetup-profiler-bucket-allocator-bucket-count=8"
    "memorysetup-profiler-bucket-allocator-block-size=33554432"
    "memorysetup-profiler-bucket-allocator-block-count=8"
    "memorysetup-profiler-allocator-block-size=16777216"
    "memorysetup-profiler-editor-allocator-block-size=1048576"
    "memorysetup-temp-allocator-size-main=16777216"
    "memorysetup-job-temp-allocator-block-size=2097152"
    "memorysetup-job-temp-allocator-block-size-background=1048576"
    "memorysetup-job-temp-allocator-reduction-small-platforms=262144"
    "memorysetup-temp-allocator-size-background-worker=32768"
    "memorysetup-temp-allocator-size-job-worker=262144"
    "memorysetup-temp-allocator-size-preload-manager=33554432"
    "memorysetup-temp-allocator-size-nav-mesh-worker=65536"
    "memorysetup-temp-allocator-size-audio-worker=65536"
    "memorysetup-temp-allocator-size-cloud-worker=32768"
    "memorysetup-temp-allocator-size-gi-baking-worker=262144"
    "memorysetup-temp-allocator-size-gfx=262144"
Player connection [14408] Host "[IP] 192.168.0.102 [Port] 0 [Flags] 2 [Guid] 111742633 [EditorId] 111742633 [Version] 1048832 [Id] WindowsEditor(7,Collin_Jr) [Debug] 1 [PackageName] WindowsEditor [ProjectName] Editor" joined multi-casting on [225.0.0.222:54997]...

Player connection [14408] Host "[IP] 192.168.0.102 [Port] 0 [Flags] 2 [Guid] 111742633 [EditorId] 111742633 [Version] 1048832 [Id] WindowsEditor(7,Collin_Jr) [Debug] 1 [PackageName] WindowsEditor [ProjectName] Editor" joined alternative multi-casting on [225.0.0.222:34997]...

Refreshing native plugins compatible for Editor in 71.10 ms, found 0 plugins.
Preloading 0 native plugins for Editor in 0.00 ms.
Initialize engine version: 2021.3.20f1 (577897200b8b)
[Subsystems] Discovering subsystems at path C:/Program Files/Unity/Hub/Editor/2021.3.20f1/Editor/Data/Resources/UnitySubsystems
[Subsystems] Discovering subsystems at path C:/School/Fork/COMP250---Nightmare-Labyrinth/Unity/COMP250 AI Project/Assets
GfxDevice: creating device client; threaded=0; jobified=0
Direct3D:
    Version:  Direct3D 11.0 [level 11.1]
    Renderer: NVIDIA GeForce RTX 3080 Ti Laptop GPU (ID=0x2420)
    Vendor:   NVIDIA
    VRAM:     16189 MB
    Driver:   31.0.15.3118
Initialize mono
Mono path[0] = 'C:/Program Files/Unity/Hub/Editor/2021.3.20f1/Editor/Data/Managed'
Mono path[1] = 'C:/Program Files/Unity/Hub/Editor/2021.3.20f1/Editor/Data/MonoBleedingEdge/lib/mono/unityjit-win32'
Mono config path = 'C:/Program Files/Unity/Hub/Editor/2021.3.20f1/Editor/Data/MonoBleedingEdge/etc'
Using monoOptions --debugger-agent=transport=dt_socket,embedding=1,server=y,suspend=n,address=127.0.0.1:56272
Begin MonoManager ReloadAssembly
Registering precompiled unity dll's ...
Register platform support module: C:/Program Files/Unity/Hub/Editor/2021.3.20f1/Editor/Data/PlaybackEngines/WebGLSupport/UnityEditor.WebGL.Extensions.dll
Register platform support module: C:/Program Files/Unity/Hub/Editor/2021.3.20f1/Editor/Data/PlaybackEngines/WindowsStandaloneSupport/UnityEditor.WindowsStandalone.Extensions.dll
Registered in 0.004269 seconds.
Native extension for WindowsStandalone target not found
Native extension for WebGL target not found
Refreshing native plugins compatible for Editor in 61.43 ms, found 0 plugins.
Preloading 0 native plugins for Editor in 0.00 ms.
Mono: successfully reloaded assembly
- Completed reload, in  0.538 seconds
Domain Reload Profiling:
	ReloadAssembly (539ms)
		BeginReloadAssembly (68ms)
			ExecutionOrderSort (0ms)
			DisableScriptedObjects (0ms)
			BackupInstance (0ms)
			ReleaseScriptingObjects (0ms)
			CreateAndSetChildDomain (1ms)
		EndReloadAssembly (388ms)
			LoadAssemblies (66ms)
			RebuildTransferFunctionScriptingTraits (0ms)
			SetupTypeCache (89ms)
			ReleaseScriptCaches (0ms)
			RebuildScriptCaches (23ms)
			SetupLoadedEditorAssemblies (229ms)
				LogAssemblyErrors (0ms)
				InitializePlatformSupportModulesInManaged (7ms)
				SetLoadedEditorAssemblies (0ms)
				RefreshPlugins (61ms)
				BeforeProcessingInitializeOnLoad (1ms)
				ProcessInitializeOnLoadAttributes (120ms)
				ProcessInitializeOnLoadMethodAttributes (39ms)
				AfterProcessingInitializeOnLoad (0ms)
				EditorAssembliesLoaded (0ms)
			ExecutionOrderSort2 (0ms)
			AwakeInstancesAfterBackupRestoration (0ms)
Platform modules already initialized, skipping
Registering precompiled user dll's ...
Registered in 0.003766 seconds.
Begin MonoManager ReloadAssembly
Symbol file LoadedFromMemory doesn't match image C:\School\Fork\COMP250---Nightmare-Labyrinth\Unity\COMP250 AI Project\Library\PackageCache\com.unity.visualscripting@1.8.0\Editor\VisualScripting.Core\Dependencies\YamlDotNet\Unity.VisualScripting.YamlDotNet.dll
Symbol file LoadedFromMemory doesn't match image C:\School\Fork\COMP250---Nightmare-Labyrinth\Unity\COMP250 AI Project\Library\PackageCache\com.unity.visualscripting@1.8.0\Editor\VisualScripting.Core\Dependencies\DotNetZip\Unity.VisualScripting.IonicZip.dll
Native extension for WindowsStandalone target not found
Native extension for WebGL target not found
Refreshing native plugins compatible for Editor in 0.96 ms, found 0 plugins.
Preloading 0 native plugins for Editor in 0.00 ms.
Mono: successfully reloaded assembly
- Completed reload, in  0.598 seconds
Domain Reload Profiling:
	ReloadAssembly (599ms)
		BeginReloadAssembly (97ms)
			ExecutionOrderSort (0ms)
			DisableScriptedObjects (5ms)
			BackupInstance (0ms)
			ReleaseScriptingObjects (0ms)
			CreateAndSetChildDomain (15ms)
		EndReloadAssembly (417ms)
			LoadAssemblies (61ms)
			RebuildTransferFunctionScriptingTraits (0ms)
			SetupTypeCache (165ms)
			ReleaseScriptCaches (0ms)
			RebuildScriptCaches (20ms)
			SetupLoadedEditorAssemblies (145ms)
				LogAssemblyErrors (0ms)
				InitializePlatformSupportModulesInManaged (5ms)
				SetLoadedEditorAssemblies (0ms)
				RefreshPlugins (1ms)
				BeforeProcessingInitializeOnLoad (31ms)
				ProcessInitializeOnLoadAttributes (88ms)
				ProcessInitializeOnLoadMethodAttributes (15ms)
				AfterProcessingInitializeOnLoad (5ms)
				EditorAssembliesLoaded (0ms)
			ExecutionOrderSort2 (0ms)
			AwakeInstancesAfterBackupRestoration (5ms)
Platform modules already initialized, skipping
========================================================================
Worker process is ready to serve import requests
Failed to load shader (instanceID 396, GUID 9c442dc870b456e48b615cd8add0e9ef)
Failed to load shader (instanceID 398, GUID 493b79ea9c9be44ed8b702014d3ac49c)
Launched and connected shader compiler UnityShaderCompiler.exe after 0.04 seconds
Refreshing native plugins compatible for Editor in 0.80 ms, found 0 plugins.
Preloading 0 native plugins for Editor in 0.00 ms.
Unloading 8 Unused Serialized files (Serialized files now loaded: 0)
Unloading 2 unused Assets / (52.0 KB). Loaded Objects now: 479.
Memory consumption went from 26.8 MB to 26.7 MB.
Total: 1.875800 ms (FindLiveObjects: 0.027000 ms CreateObjectMapping: 0.003200 ms MarkObjects: 1.800200 ms  DeleteObjects: 0.044700 ms)

AssetImportParameters requested are different than current active one (requested -> active):
  custom:video-decoder-ogg-theora: a1e56fd34408186e4bbccfd4996cb3dc -> 
  custom:container-muxer-webm: aa71ff27fc2769a1b78a27578f13a17b -> 
  custom:container-demuxer-webm: 4f35f7cbe854078d1ac9338744f61a02 -> 
  custom:video-encoder-webm-vp8: eb34c28f22e8b96e1ab97ce403110664 -> 
  custom:audio-encoder-webm-vorbis: bf7c407c2cedff20999df2af8eb42d56 -> 
  custom:framework-win-MediaFoundation: 216162199b28c13a410421893ffa2e32 -> 
  custom:container-demuxer-ogg: 62fdf1f143b41e24485cea50d1cbac27 -> 
  custom:video-decoder-webm-vp8: 9c59270c3fd7afecdb556c50c9e8de78 -> 
  custom:audio-decoder-ogg-vorbis: bf7c407c2cedff20999df2af8eb42d56 -> 
========================================================================
Received Import Request.
  Time since last request: 93793.584026 seconds.
  path: ProjectSettings/TagManager.asset
  artifactKey: Guid(00000000000000003000000000000000) Importer(815301076,1909f56bfc062723c751e8b465ee728b)
Start importing ProjectSettings/TagManager.asset using Guid(00000000000000003000000000000000) Importer(815301076,1909f56bfc062723c751e8b465ee728b)  -> (artifact id: '9bdf630a837caddf9dd63c1033c93e40') in 0.028217 seconds 
========================================================================
Received Import Request.
  Time since last request: 13.978460 seconds.
  path: Assets/Scene Assets/Computer.prefab
  artifactKey: Guid(4c302ece9e92b5f43939d483cb41e381) Importer(815301076,1909f56bfc062723c751e8b465ee728b)
Start importing Assets/Scene Assets/Computer.prefab using Guid(4c302ece9e92b5f43939d483cb41e381) Importer(815301076,1909f56bfc062723c751e8b465ee728b)  -> (artifact id: '3072401bae62ef7932494ef2f65e92f3') in 0.016244 seconds 
========================================================================
Received Import Request.
  Time since last request: 10.530121 seconds.
  path: Assets/Scene Assets/Computer.prefab
  artifactKey: Guid(4c302ece9e92b5f43939d483cb41e381) Importer(815301076,1909f56bfc062723c751e8b465ee728b)
Start importing Assets/Scene Assets/Computer.prefab using Guid(4c302ece9e92b5f43939d483cb41e381) Importer(815301076,1909f56bfc062723c751e8b465ee728b)  -> (artifact id: 'b6ccebd1329db775aa7d06c184d3ebb4') in 0.076615 seconds 
========================================================================
Received Import Request.
  Time since last request: 11.223588 seconds.
  path: Assets/Scene Assets/Computer.prefab
  artifactKey: Guid(4c302ece9e92b5f43939d483cb41e381) Importer(815301076,1909f56bfc062723c751e8b465ee728b)
Start importing Assets/Scene Assets/Computer.prefab using Guid(4c302ece9e92b5f43939d483cb41e381) Importer(815301076,1909f56bfc062723c751e8b465ee728b)  -> (artifact id: '4c2e4a4c70145436366c45b06a03082b') in 0.005341 seconds 
========================================================================
Received Import Request.
  Time since last request: 4.956038 seconds.
  path: Assets/Scene Assets/Computer.prefab
  artifactKey: Guid(4c302ece9e92b5f43939d483cb41e381) Importer(815301076,1909f56bfc062723c751e8b465ee728b)
Start importing Assets/Scene Assets/Computer.prefab using Guid(4c302ece9e92b5f43939d483cb41e381) Importer(815301076,1909f56bfc062723c751e8b465ee728b)  -> (artifact id: 'ea4c483cb6a8e4edc1fd9a4f5a1ac456') in 0.015139 seconds 
========================================================================
Received Import Request.
  Time since last request: 2.195360 seconds.
  path: Assets/Scene Assets/Computer.prefab
  artifactKey: Guid(4c302ece9e92b5f43939d483cb41e381) Importer(815301076,1909f56bfc062723c751e8b465ee728b)
Start importing Assets/Scene Assets/Computer.prefab using Guid(4c302ece9e92b5f43939d483cb41e381) Importer(815301076,1909f56bfc062723c751e8b465ee728b)  -> (artifact id: '0aa2443a3ffb146a7beeba8c3bb92878') in 0.011850 seconds 
========================================================================
Received Import Request.
  Time since last request: 5.027686 seconds.
  path: Assets/Scene Assets/Computer.prefab
  artifactKey: Guid(4c302ece9e92b5f43939d483cb41e381) Importer(815301076,1909f56bfc062723c751e8b465ee728b)
Start importing Assets/Scene Assets/Computer.prefab using Guid(4c302ece9e92b5f43939d483cb41e381) Importer(815301076,1909f56bfc062723c751e8b465ee728b)  -> (artifact id: '0132eb000f36c446c89301fd78111937') in 0.012733 seconds 
========================================================================
Received Import Request.
  Time since last request: 4.413314 seconds.
  path: Assets/Scene Assets/Computer.prefab
  artifactKey: Guid(4c302ece9e92b5f43939d483cb41e381) Importer(815301076,1909f56bfc062723c751e8b465ee728b)
Start importing Assets/Scene Assets/Computer.prefab using Guid(4c302ece9e92b5f43939d483cb41e381) Importer(815301076,1909f56bfc062723c751e8b465ee728b)  -> (artifact id: '3720e5e9d59c8ca3767ec62026edba3a') in 0.010472 seconds 
========================================================================
Received Import Request.
  Time since last request: 3.828165 seconds.
  path: Assets/Scene Assets/Computer.prefab
  artifactKey: Guid(4c302ece9e92b5f43939d483cb41e381) Importer(815301076,1909f56bfc062723c751e8b465ee728b)
Start importing Assets/Scene Assets/Computer.prefab using Guid(4c302ece9e92b5f43939d483cb41e381) Importer(815301076,1909f56bfc062723c751e8b465ee728b)  -> (artifact id: '04783293fc1b62725574ecb0b68e11b7') in 0.009694 seconds 
========================================================================
Received Import Request.
  Time since last request: 4.236178 seconds.
  path: Assets/Scene Assets/Computer.prefab
  artifactKey: Guid(4c302ece9e92b5f43939d483cb41e381) Importer(815301076,1909f56bfc062723c751e8b465ee728b)
Start importing Assets/Scene Assets/Computer.prefab using Guid(4c302ece9e92b5f43939d483cb41e381) Importer(815301076,1909f56bfc062723c751e8b465ee728b)  -> (artifact id: 'a0858a08cdd52a1e17853b3ee26c3473') in 0.010608 seconds 
========================================================================
Received Import Request.
  Time since last request: 3.815594 seconds.
  path: Assets/Scene Assets/Computer.prefab
  artifactKey: Guid(4c302ece9e92b5f43939d483cb41e381) Importer(815301076,1909f56bfc062723c751e8b465ee728b)
Start importing Assets/Scene Assets/Computer.prefab using Guid(4c302ece9e92b5f43939d483cb41e381) Importer(815301076,1909f56bfc062723c751e8b465ee728b)  -> (artifact id: '71f1a01aabe07e25ffe1c7329a4bd5f4') in 0.011380 seconds 
========================================================================
Received Import Request.
  Time since last request: 5.191423 seconds.
  path: Assets/Scene Assets/Computer.prefab
  artifactKey: Guid(4c302ece9e92b5f43939d483cb41e381) Importer(815301076,1909f56bfc062723c751e8b465ee728b)
Start importing Assets/Scene Assets/Computer.prefab using Guid(4c302ece9e92b5f43939d483cb41e381) Importer(815301076,1909f56bfc062723c751e8b465ee728b)  -> (artifact id: '6d56bc109398fbab88e50f0aeb954ecd') in 0.009768 seconds 
========================================================================
Received Import Request.
  Time since last request: 4.214350 seconds.
  path: Assets/Scene Assets/Computer.prefab
  artifactKey: Guid(4c302ece9e92b5f43939d483cb41e381) Importer(815301076,1909f56bfc062723c751e8b465ee728b)
Start importing Assets/Scene Assets/Computer.prefab using Guid(4c302ece9e92b5f43939d483cb41e381) Importer(815301076,1909f56bfc062723c751e8b465ee728b)  -> (artifact id: '344f18c6228c53ed10856e04db314e5b') in 0.011475 seconds 
========================================================================
Received Import Request.
  Time since last request: 3.607345 seconds.
  path: Assets/Scene Assets/Computer.prefab
  artifactKey: Guid(4c302ece9e92b5f43939d483cb41e381) Importer(815301076,1909f56bfc062723c751e8b465ee728b)
Start importing Assets/Scene Assets/Computer.prefab using Guid(4c302ece9e92b5f43939d483cb41e381) Importer(815301076,1909f56bfc062723c751e8b465ee728b)  -> (artifact id: 'd307c96a2c3f64a9e066cef19685a508') in 0.009407 seconds 
========================================================================
Received Import Request.
  Time since last request: 2.607975 seconds.
  path: Assets/Scene Assets/Computer.prefab
  artifactKey: Guid(4c302ece9e92b5f43939d483cb41e381) Importer(815301076,1909f56bfc062723c751e8b465ee728b)
Start importing Assets/Scene Assets/Computer.prefab using Guid(4c302ece9e92b5f43939d483cb41e381) Importer(815301076,1909f56bfc062723c751e8b465ee728b)  -> (artifact id: '37d4d18db041ede984d5d6adb921708c') in 0.008969 seconds 
========================================================================
Received Import Request.
  Time since last request: 3.023095 seconds.
  path: Assets/Scene Assets/Computer.prefab
  artifactKey: Guid(4c302ece9e92b5f43939d483cb41e381) Importer(815301076,1909f56bfc062723c751e8b465ee728b)
Start importing Assets/Scene Assets/Computer.prefab using Guid(4c302ece9e92b5f43939d483cb41e381) Importer(815301076,1909f56bfc062723c751e8b465ee728b)  -> (artifact id: '74a12932673f9e004428bebf1ccfb85d') in 0.012117 seconds 
========================================================================
Received Import Request.
  Time since last request: 6.436534 seconds.
  path: Assets/Scene Assets/Computer.prefab
  artifactKey: Guid(4c302ece9e92b5f43939d483cb41e381) Importer(815301076,1909f56bfc062723c751e8b465ee728b)
Start importing Assets/Scene Assets/Computer.prefab using Guid(4c302ece9e92b5f43939d483cb41e381) Importer(815301076,1909f56bfc062723c751e8b465ee728b)  -> (artifact id: 'd9210206553bcda1d403444c1dbf910f') in 0.010365 seconds 
========================================================================
Received Import Request.
  Time since last request: 2.196692 seconds.
  path: Assets/Scene Assets/Computer.prefab
  artifactKey: Guid(4c302ece9e92b5f43939d483cb41e381) Importer(815301076,1909f56bfc062723c751e8b465ee728b)
Start importing Assets/Scene Assets/Computer.prefab using Guid(4c302ece9e92b5f43939d483cb41e381) Importer(815301076,1909f56bfc062723c751e8b465ee728b)  -> (artifact id: '877855ee026a6c3b4a6cb896274df1d6') in 0.010727 seconds 
========================================================================
Received Import Request.
  Time since last request: 6.634885 seconds.
  path: Assets/Scene Assets/Computer.prefab
  artifactKey: Guid(4c302ece9e92b5f43939d483cb41e381) Importer(815301076,1909f56bfc062723c751e8b465ee728b)
Start importing Assets/Scene Assets/Computer.prefab using Guid(4c302ece9e92b5f43939d483cb41e381) Importer(815301076,1909f56bfc062723c751e8b465ee728b)  -> (artifact id: 'de0bb0397636fc4f09db518c23630314') in 0.016855 seconds 
========================================================================
Received Import Request.
  Time since last request: 6.838824 seconds.
  path: Assets/Scene Assets/Computer.prefab
  artifactKey: Guid(4c302ece9e92b5f43939d483cb41e381) Importer(815301076,1909f56bfc062723c751e8b465ee728b)
Start importing Assets/Scene Assets/Computer.prefab using Guid(4c302ece9e92b5f43939d483cb41e381) Importer(815301076,1909f56bfc062723c751e8b465ee728b)  -> (artifact id: '6c5b35069047847bc347d51620e751f7') in 0.009173 seconds 
========================================================================
Received Import Request.
  Time since last request: 5.620687 seconds.
  path: Assets/Scene Assets/Computer.prefab
  artifactKey: Guid(4c302ece9e92b5f43939d483cb41e381) Importer(815301076,1909f56bfc062723c751e8b465ee728b)
Start importing Assets/Scene Assets/Computer.prefab using Guid(4c302ece9e92b5f43939d483cb41e381) Importer(815301076,1909f56bfc062723c751e8b465ee728b)  -> (artifact id: 'c905dd70d64b79b981f63481e26b84ff') in 0.012022 seconds 
========================================================================
Received Import Request.
  Time since last request: 12.851383 seconds.
  path: Assets/Scene Assets/Computer.prefab
  artifactKey: Guid(4c302ece9e92b5f43939d483cb41e381) Importer(815301076,1909f56bfc062723c751e8b465ee728b)
Start importing Assets/Scene Assets/Computer.prefab using Guid(4c302ece9e92b5f43939d483cb41e381) Importer(815301076,1909f56bfc062723c751e8b465ee728b)  -> (artifact id: '9aa150c9100b18cab91638aece5bcb28') in 0.012329 seconds 
========================================================================
Received Import Request.
  Time since last request: 1.996783 seconds.
  path: Assets/Scene Assets/Computer.prefab
  artifactKey: Guid(4c302ece9e92b5f43939d483cb41e381) Importer(815301076,1909f56bfc062723c751e8b465ee728b)
Start importing Assets/Scene Assets/Computer.prefab using Guid(4c302ece9e92b5f43939d483cb41e381) Importer(815301076,1909f56bfc062723c751e8b465ee728b)  -> (artifact id: '02e176b61fef6c67e88904154005963e') in 0.009798 seconds 
========================================================================
Received Import Request.
  Time since last request: 2.212974 seconds.
  path: Assets/Scene Assets/Computer.prefab
  artifactKey: Guid(4c302ece9e92b5f43939d483cb41e381) Importer(815301076,1909f56bfc062723c751e8b465ee728b)
Start importing Assets/Scene Assets/Computer.prefab using Guid(4c302ece9e92b5f43939d483cb41e381) Importer(815301076,1909f56bfc062723c751e8b465ee728b)  -> (artifact id: 'a4ea5b79cf2869e1d7aaf66929798edc') in 0.014692 seconds 
========================================================================
Received Import Request.
  Time since last request: 3.011726 seconds.
  path: Assets/Scene Assets/Computer.prefab
  artifactKey: Guid(4c302ece9e92b5f43939d483cb41e381) Importer(815301076,1909f56bfc062723c751e8b465ee728b)
Start importing Assets/Scene Assets/Computer.prefab using Guid(4c302ece9e92b5f43939d483cb41e381) Importer(815301076,1909f56bfc062723c751e8b465ee728b)  -> (artifact id: 'ba6b9872c4cebca5ae04144bfe8ca625') in 0.011955 seconds 
========================================================================
Received Import Request.
  Time since last request: 1.800922 seconds.
  path: Assets/Scene Assets/Computer.prefab
  artifactKey: Guid(4c302ece9e92b5f43939d483cb41e381) Importer(815301076,1909f56bfc062723c751e8b465ee728b)
Start importing Assets/Scene Assets/Computer.prefab using Guid(4c302ece9e92b5f43939d483cb41e381) Importer(815301076,1909f56bfc062723c751e8b465ee728b)  -> (artifact id: 'd070355424d29af008431a1b8e1672a1') in 0.011158 seconds 
========================================================================
Received Import Request.
  Time since last request: 5.437644 seconds.
  path: Assets/Scene Assets/Computer.prefab
  artifactKey: Guid(4c302ece9e92b5f43939d483cb41e381) Importer(815301076,1909f56bfc062723c751e8b465ee728b)
Start importing Assets/Scene Assets/Computer.prefab using Guid(4c302ece9e92b5f43939d483cb41e381) Importer(815301076,1909f56bfc062723c751e8b465ee728b)  -> (artifact id: 'b9f84e14172bf431304f96dfe3200cf1') in 0.009392 seconds 
========================================================================
Received Import Request.
  Time since last request: 5.240957 seconds.
  path: Assets/Scene Assets/Computer.prefab
  artifactKey: Guid(4c302ece9e92b5f43939d483cb41e381) Importer(815301076,1909f56bfc062723c751e8b465ee728b)
Start importing Assets/Scene Assets/Computer.prefab using Guid(4c302ece9e92b5f43939d483cb41e381) Importer(815301076,1909f56bfc062723c751e8b465ee728b)  -> (artifact id: '3e32c1167bf0cea74420d7a89d38b396') in 0.010921 seconds 
========================================================================
Received Import Request.
  Time since last request: 10.081631 seconds.
  path: Assets/Scene Assets/Computer.prefab
  artifactKey: Guid(4c302ece9e92b5f43939d483cb41e381) Importer(815301076,1909f56bfc062723c751e8b465ee728b)
Start importing Assets/Scene Assets/Computer.prefab using Guid(4c302ece9e92b5f43939d483cb41e381) Importer(815301076,1909f56bfc062723c751e8b465ee728b)  -> (artifact id: 'bcfcd3caeb70cf0e764a5a7092f03d03') in 0.010308 seconds 
========================================================================
Received Import Request.
  Time since last request: 2.811079 seconds.
  path: Assets/Scene Assets/Computer.prefab
  artifactKey: Guid(4c302ece9e92b5f43939d483cb41e381) Importer(815301076,1909f56bfc062723c751e8b465ee728b)
Start importing Assets/Scene Assets/Computer.prefab using Guid(4c302ece9e92b5f43939d483cb41e381) Importer(815301076,1909f56bfc062723c751e8b465ee728b)  -> (artifact id: 'ea157692e0f60d7b3664f97d7739d8f7') in 0.009958 seconds 
========================================================================
Received Import Request.
  Time since last request: 4.207489 seconds.
  path: Assets/Scene Assets/Computer.prefab
  artifactKey: Guid(4c302ece9e92b5f43939d483cb41e381) Importer(815301076,1909f56bfc062723c751e8b465ee728b)
Start importing Assets/Scene Assets/Computer.prefab using Guid(4c302ece9e92b5f43939d483cb41e381) Importer(815301076,1909f56bfc062723c751e8b465ee728b)  -> (artifact id: '7531fe64b8f91fddac96cde32bce2e61') in 0.009120 seconds 
========================================================================
Received Import Request.
  Time since last request: 6.857917 seconds.
  path: Assets/Scene Assets/Computer.prefab
  artifactKey: Guid(4c302ece9e92b5f43939d483cb41e381) Importer(815301076,1909f56bfc062723c751e8b465ee728b)
Start importing Assets/Scene Assets/Computer.prefab using Guid(4c302ece9e92b5f43939d483cb41e381) Importer(815301076,1909f56bfc062723c751e8b465ee728b)  -> (artifact id: '497f2a3c710206a11c4947fbe9dd0909') in 0.009595 seconds 
========================================================================
Received Import Request.
  Time since last request: 4.534378 seconds.
  path: Assets/Scene Assets/Computer.prefab
  artifactKey: Guid(4c302ece9e92b5f43939d483cb41e381) Importer(815301076,1909f56bfc062723c751e8b465ee728b)
Start importing Assets/Scene Assets/Computer.prefab using Guid(4c302ece9e92b5f43939d483cb41e381) Importer(815301076,1909f56bfc062723c751e8b465ee728b)  -> (artifact id: 'f7e87c6ffb4c1700d1cd101fd8195676') in 0.010665 seconds 
========================================================================
Received Import Request.
  Time since last request: 4.018088 seconds.
  path: Assets/Scene Assets/Computer.prefab
  artifactKey: Guid(4c302ece9e92b5f43939d483cb41e381) Importer(815301076,1909f56bfc062723c751e8b465ee728b)
Start importing Assets/Scene Assets/Computer.prefab using Guid(4c302ece9e92b5f43939d483cb41e381) Importer(815301076,1909f56bfc062723c751e8b465ee728b)  -> (artifact id: '7ad94f7738cc28f8080ba5a4fc322b0e') in 0.009487 seconds 
========================================================================
Received Import Request.
  Time since last request: 6.036342 seconds.
  path: Assets/Scene Assets/Computer.prefab
  artifactKey: Guid(4c302ece9e92b5f43939d483cb41e381) Importer(815301076,1909f56bfc062723c751e8b465ee728b)
Start importing Assets/Scene Assets/Computer.prefab using Guid(4c302ece9e92b5f43939d483cb41e381) Importer(815301076,1909f56bfc062723c751e8b465ee728b)  -> (artifact id: '2b3fa250c49402587491873e1abbc544') in 0.012440 seconds 
========================================================================
Received Import Request.
  Time since last request: 18.696749 seconds.
  path: Assets/Scene Assets/TV.prefab
  artifactKey: Guid(7a777c9377248654499638ca5920781d) Importer(815301076,1909f56bfc062723c751e8b465ee728b)
Start importing Assets/Scene Assets/TV.prefab using Guid(7a777c9377248654499638ca5920781d) Importer(815301076,1909f56bfc062723c751e8b465ee728b)  -> (artifact id: 'e973f470d279bc6de08bdb81926dbd96') in 0.007617 seconds 
========================================================================
Received Import Request.
  Time since last request: 3.130265 seconds.
  path: Assets/Scene Assets/TV.prefab
  artifactKey: Guid(7a777c9377248654499638ca5920781d) Importer(815301076,1909f56bfc062723c751e8b465ee728b)
Start importing Assets/Scene Assets/TV.prefab using Guid(7a777c9377248654499638ca5920781d) Importer(815301076,1909f56bfc062723c751e8b465ee728b)  -> (artifact id: 'c7369112cd2c37662f893af4afc2aa19') in 0.003354 seconds 
========================================================================
Received Import Request.
  Time since last request: 6.694045 seconds.
  path: Assets/Scene Assets/TV.prefab
  artifactKey: Guid(7a777c9377248654499638ca5920781d) Importer(815301076,1909f56bfc062723c751e8b465ee728b)
Start importing Assets/Scene Assets/TV.prefab using Guid(7a777c9377248654499638ca5920781d) Importer(815301076,1909f56bfc062723c751e8b465ee728b)  -> (artifact id: 'dec9a5044b87073b6416c3d2aa3fe39d') in 0.016583 seconds 
========================================================================
Received Import Request.
  Time since last request: 7.215166 seconds.
  path: Assets/Scene Assets/TV.prefab
  artifactKey: Guid(7a777c9377248654499638ca5920781d) Importer(815301076,1909f56bfc062723c751e8b465ee728b)
Start importing Assets/Scene Assets/TV.prefab using Guid(7a777c9377248654499638ca5920781d) Importer(815301076,1909f56bfc062723c751e8b465ee728b)  -> (artifact id: 'ee3cf915b61a15b2c0291190a562729a') in 0.011250 seconds 
========================================================================
Received Import Request.
  Time since last request: 1.812909 seconds.
  path: Assets/Scene Assets/TV.prefab
  artifactKey: Guid(7a777c9377248654499638ca5920781d) Importer(815301076,1909f56bfc062723c751e8b465ee728b)
Start importing Assets/Scene Assets/TV.prefab using Guid(7a777c9377248654499638ca5920781d) Importer(815301076,1909f56bfc062723c751e8b465ee728b)  -> (artifact id: '84872ea88c42015f068541a2ffbf9a96') in 0.009052 seconds 
========================================================================
Received Import Request.
  Time since last request: 4.016865 seconds.
  path: Assets/Scene Assets/TV.prefab
  artifactKey: Guid(7a777c9377248654499638ca5920781d) Importer(815301076,1909f56bfc062723c751e8b465ee728b)
Start importing Assets/Scene Assets/TV.prefab using Guid(7a777c9377248654499638ca5920781d) Importer(815301076,1909f56bfc062723c751e8b465ee728b)  -> (artifact id: '702cb2c7389869ac1b08e08ba3c344b6') in 0.005237 seconds 
========================================================================
Received Import Request.
  Time since last request: 5.841417 seconds.
  path: Assets/Scene Assets/TV.prefab
  artifactKey: Guid(7a777c9377248654499638ca5920781d) Importer(815301076,1909f56bfc062723c751e8b465ee728b)
Start importing Assets/Scene Assets/TV.prefab using Guid(7a777c9377248654499638ca5920781d) Importer(815301076,1909f56bfc062723c751e8b465ee728b)  -> (artifact id: 'bde201f010a20429240076bc930897be') in 0.005901 seconds 
========================================================================
Received Import Request.
  Time since last request: 6.044519 seconds.
  path: Assets/Scene Assets/TV.prefab
  artifactKey: Guid(7a777c9377248654499638ca5920781d) Importer(815301076,1909f56bfc062723c751e8b465ee728b)
Start importing Assets/Scene Assets/TV.prefab using Guid(7a777c9377248654499638ca5920781d) Importer(815301076,1909f56bfc062723c751e8b465ee728b)  -> (artifact id: '0dc4fe1f92008edc8ba2fadcf81f0256') in 0.009162 seconds 
========================================================================
Received Prepare
Registering precompiled user dll's ...
Registered in 0.004224 seconds.
Begin MonoManager ReloadAssembly
Symbol file LoadedFromMemory doesn't match image C:\School\Fork\COMP250---Nightmare-Labyrinth\Unity\COMP250 AI Project\Library\PackageCache\com.unity.visualscripting@1.8.0\Editor\VisualScripting.Core\Dependencies\YamlDotNet\Unity.VisualScripting.YamlDotNet.dll
Symbol file LoadedFromMemory doesn't match image C:\School\Fork\COMP250---Nightmare-Labyrinth\Unity\COMP250 AI Project\Library\PackageCache\com.unity.visualscripting@1.8.0\Editor\VisualScripting.Core\Dependencies\DotNetZip\Unity.VisualScripting.IonicZip.dll
Native extension for WindowsStandalone target not found
Native extension for WebGL target not found
Refreshing native plugins compatible for Editor in 0.91 ms, found 0 plugins.
Preloading 0 native plugins for Editor in 0.00 ms.
Mono: successfully reloaded assembly
- Completed reload, in  0.695 seconds
Domain Reload Profiling:
	ReloadAssembly (695ms)
		BeginReloadAssembly (116ms)
			ExecutionOrderSort (0ms)
			DisableScriptedObjects (4ms)
			BackupInstance (0ms)
			ReleaseScriptingObjects (0ms)
			CreateAndSetChildDomain (24ms)
		EndReloadAssembly (494ms)
			LoadAssemblies (66ms)
			RebuildTransferFunctionScriptingTraits (0ms)
			SetupTypeCache (170ms)
			ReleaseScriptCaches (0ms)
			RebuildScriptCaches (26ms)
			SetupLoadedEditorAssemblies (186ms)
				LogAssemblyErrors (0ms)
				InitializePlatformSupportModulesInManaged (6ms)
				SetLoadedEditorAssemblies (0ms)
				RefreshPlugins (1ms)
				BeforeProcessingInitializeOnLoad (33ms)
				ProcessInitializeOnLoadAttributes (117ms)
				ProcessInitializeOnLoadMethodAttributes (20ms)
				AfterProcessingInitializeOnLoad (8ms)
				EditorAssembliesLoaded (0ms)
			ExecutionOrderSort2 (0ms)
			AwakeInstancesAfterBackupRestoration (8ms)
Platform modules already initialized, skipping
Failed to load shader (instanceID 396, GUID 9c442dc870b456e48b615cd8add0e9ef)
Failed to load shader (instanceID 398, GUID 493b79ea9c9be44ed8b702014d3ac49c)
Refreshing native plugins compatible for Editor in 0.68 ms, found 0 plugins.
Preloading 0 native plugins for Editor in 0.00 ms.
Unloading 3 Unused Serialized files (Serialized files now loaded: 0)
Unloading 1 unused Assets / (9.2 KB). Loaded Objects now: 489.
Memory consumption went from 31.0 MB to 31.0 MB.
Total: 1.694400 ms (FindLiveObjects: 0.026600 ms CreateObjectMapping: 0.003000 ms MarkObjects: 1.654400 ms  DeleteObjects: 0.009700 ms)

AssetImportParameters requested are different than current active one (requested -> active):
  custom:video-decoder-ogg-theora: a1e56fd34408186e4bbccfd4996cb3dc -> 
  custom:container-muxer-webm: aa71ff27fc2769a1b78a27578f13a17b -> 
  custom:container-demuxer-webm: 4f35f7cbe854078d1ac9338744f61a02 -> 
  custom:video-encoder-webm-vp8: eb34c28f22e8b96e1ab97ce403110664 -> 
  custom:audio-encoder-webm-vorbis: bf7c407c2cedff20999df2af8eb42d56 -> 
  custom:framework-win-MediaFoundation: 216162199b28c13a410421893ffa2e32 -> 
  custom:container-demuxer-ogg: 62fdf1f143b41e24485cea50d1cbac27 -> 
  custom:video-decoder-webm-vp8: 9c59270c3fd7afecdb556c50c9e8de78 -> 
  custom:audio-decoder-ogg-vorbis: bf7c407c2cedff20999df2af8eb42d56 -> 
========================================================================
Received Prepare
Registering precompiled user dll's ...
Registered in 0.003458 seconds.
Begin MonoManager ReloadAssembly
Symbol file LoadedFromMemory doesn't match image C:\School\Fork\COMP250---Nightmare-Labyrinth\Unity\COMP250 AI Project\Library\PackageCache\com.unity.visualscripting@1.8.0\Editor\VisualScripting.Core\Dependencies\YamlDotNet\Unity.VisualScripting.YamlDotNet.dll
Symbol file LoadedFromMemory doesn't match image C:\School\Fork\COMP250---Nightmare-Labyrinth\Unity\COMP250 AI Project\Library\PackageCache\com.unity.visualscripting@1.8.0\Editor\VisualScripting.Core\Dependencies\DotNetZip\Unity.VisualScripting.IonicZip.dll
Native extension for WindowsStandalone target not found
Native extension for WebGL target not found
Refreshing native plugins compatible for Editor in 1.38 ms, found 0 plugins.
Preloading 0 native plugins for Editor in 0.00 ms.
Mono: successfully reloaded assembly
- Completed reload, in  0.650 seconds
Domain Reload Profiling:
	ReloadAssembly (650ms)
		BeginReloadAssembly (104ms)
			ExecutionOrderSort (0ms)
			DisableScriptedObjects (4ms)
			BackupInstance (0ms)
			ReleaseScriptingObjects (0ms)
			CreateAndSetChildDomain (18ms)
		EndReloadAssembly (455ms)
			LoadAssemblies (66ms)
			RebuildTransferFunctionScriptingTraits (0ms)
			SetupTypeCache (160ms)
			ReleaseScriptCaches (0ms)
			RebuildScriptCaches (21ms)
			SetupLoadedEditorAssemblies (174ms)
				LogAssemblyErrors (0ms)
				InitializePlatformSupportModulesInManaged (7ms)
				SetLoadedEditorAssemblies (1ms)
				RefreshPlugins (1ms)
				BeforeProcessingInitializeOnLoad (31ms)
				ProcessInitializeOnLoadAttributes (106ms)
				ProcessInitializeOnLoadMethodAttributes (21ms)
				AfterProcessingInitializeOnLoad (7ms)
				EditorAssembliesLoaded (0ms)
			ExecutionOrderSort2 (0ms)
			AwakeInstancesAfterBackupRestoration (9ms)
Platform modules already initialized, skipping
Failed to load shader (instanceID 396, GUID 9c442dc870b456e48b615cd8add0e9ef)
Failed to load shader (instanceID 398, GUID 493b79ea9c9be44ed8b702014d3ac49c)
Refreshing native plugins compatible for Editor in 1.46 ms, found 0 plugins.
Preloading 0 native plugins for Editor in 0.00 ms.
Unloading 3 Unused Serialized files (Serialized files now loaded: 0)
Unloading 0 unused Assets / (9.2 KB). Loaded Objects now: 489.
Memory consumption went from 31.0 MB to 31.0 MB.
Total: 2.832400 ms (FindLiveObjects: 0.042600 ms CreateObjectMapping: 0.005200 ms MarkObjects: 2.780200 ms  DeleteObjects: 0.003000 ms)

AssetImportParameters requested are different than current active one (requested -> active):
  custom:video-decoder-ogg-theora: a1e56fd34408186e4bbccfd4996cb3dc -> 
  custom:container-muxer-webm: aa71ff27fc2769a1b78a27578f13a17b -> 
  custom:container-demuxer-webm: 4f35f7cbe854078d1ac9338744f61a02 -> 
  custom:video-encoder-webm-vp8: eb34c28f22e8b96e1ab97ce403110664 -> 
  custom:audio-encoder-webm-vorbis: bf7c407c2cedff20999df2af8eb42d56 -> 
  custom:framework-win-MediaFoundation: 216162199b28c13a410421893ffa2e32 -> 
  custom:container-demuxer-ogg: 62fdf1f143b41e24485cea50d1cbac27 -> 
  custom:video-decoder-webm-vp8: 9c59270c3fd7afecdb556c50c9e8de78 -> 
  custom:audio-decoder-ogg-vorbis: bf7c407c2cedff20999df2af8eb42d56 -> 
========================================================================
Received Prepare
Registering precompiled user dll's ...
Registered in 0.005106 seconds.
Begin MonoManager ReloadAssembly
Symbol file LoadedFromMemory doesn't match image C:\School\Fork\COMP250---Nightmare-Labyrinth\Unity\COMP250 AI Project\Library\PackageCache\com.unity.visualscripting@1.8.0\Editor\VisualScripting.Core\Dependencies\YamlDotNet\Unity.VisualScripting.YamlDotNet.dll
Symbol file LoadedFromMemory doesn't match image C:\School\Fork\COMP250---Nightmare-Labyrinth\Unity\COMP250 AI Project\Library\PackageCache\com.unity.visualscripting@1.8.0\Editor\VisualScripting.Core\Dependencies\DotNetZip\Unity.VisualScripting.IonicZip.dll
Native extension for WindowsStandalone target not found
Native extension for WebGL target not found
Refreshing native plugins compatible for Editor in 0.80 ms, found 0 plugins.
Preloading 0 native plugins for Editor in 0.00 ms.
Mono: successfully reloaded assembly
- Completed reload, in  0.674 seconds
Domain Reload Profiling:
	ReloadAssembly (675ms)
		BeginReloadAssembly (110ms)
			ExecutionOrderSort (0ms)
			DisableScriptedObjects (5ms)
			BackupInstance (0ms)
			ReleaseScriptingObjects (0ms)
			CreateAndSetChildDomain (18ms)
		EndReloadAssembly (481ms)
			LoadAssemblies (69ms)
			RebuildTransferFunctionScriptingTraits (0ms)
			SetupTypeCache (172ms)
			ReleaseScriptCaches (0ms)
			RebuildScriptCaches (22ms)
			SetupLoadedEditorAssemblies (181ms)
				LogAssemblyErrors (0ms)
				InitializePlatformSupportModulesInManaged (6ms)
				SetLoadedEditorAssemblies (0ms)
				RefreshPlugins (1ms)
				BeforeProcessingInitializeOnLoad (32ms)
				ProcessInitializeOnLoadAttributes (116ms)
				ProcessInitializeOnLoadMethodAttributes (19ms)
				AfterProcessingInitializeOnLoad (7ms)
				EditorAssembliesLoaded (0ms)
			ExecutionOrderSort2 (0ms)
			AwakeInstancesAfterBackupRestoration (9ms)
Platform modules already initialized, skipping
Failed to load shader (instanceID 396, GUID 9c442dc870b456e48b615cd8add0e9ef)
Failed to load shader (instanceID 398, GUID 493b79ea9c9be44ed8b702014d3ac49c)
Refreshing native plugins compatible for Editor in 1.10 ms, found 0 plugins.
Preloading 0 native plugins for Editor in 0.00 ms.
Unloading 3 Unused Serialized files (Serialized files now loaded: 0)
Unloading 0 unused Assets / (9.2 KB). Loaded Objects now: 489.
Memory consumption went from 31.0 MB to 31.0 MB.
Total: 2.134900 ms (FindLiveObjects: 0.030500 ms CreateObjectMapping: 0.003600 ms MarkObjects: 2.097100 ms  DeleteObjects: 0.002800 ms)

AssetImportParameters requested are different than current active one (requested -> active):
  custom:video-decoder-ogg-theora: a1e56fd34408186e4bbccfd4996cb3dc -> 
  custom:container-muxer-webm: aa71ff27fc2769a1b78a27578f13a17b -> 
  custom:container-demuxer-webm: 4f35f7cbe854078d1ac9338744f61a02 -> 
  custom:video-encoder-webm-vp8: eb34c28f22e8b96e1ab97ce403110664 -> 
  custom:audio-encoder-webm-vorbis: bf7c407c2cedff20999df2af8eb42d56 -> 
  custom:framework-win-MediaFoundation: 216162199b28c13a410421893ffa2e32 -> 
  custom:container-demuxer-ogg: 62fdf1f143b41e24485cea50d1cbac27 -> 
  custom:video-decoder-webm-vp8: 9c59270c3fd7afecdb556c50c9e8de78 -> 
  custom:audio-decoder-ogg-vorbis: bf7c407c2cedff20999df2af8eb42d56 -> 
========================================================================
Received Prepare
Registering precompiled user dll's ...
Registered in 0.003387 seconds.
Begin MonoManager ReloadAssembly
Symbol file LoadedFromMemory doesn't match image C:\School\Fork\COMP250---Nightmare-Labyrinth\Unity\COMP250 AI Project\Library\PackageCache\com.unity.visualscripting@1.8.0\Editor\VisualScripting.Core\Dependencies\YamlDotNet\Unity.VisualScripting.YamlDotNet.dll
Symbol file LoadedFromMemory doesn't match image C:\School\Fork\COMP250---Nightmare-Labyrinth\Unity\COMP250 AI Project\Library\PackageCache\com.unity.visualscripting@1.8.0\Editor\VisualScripting.Core\Dependencies\DotNetZip\Unity.VisualScripting.IonicZip.dll
Native extension for WindowsStandalone target not found
Native extension for WebGL target not found
Refreshing native plugins compatible for Editor in 0.82 ms, found 0 plugins.
Preloading 0 native plugins for Editor in 0.00 ms.
Mono: successfully reloaded assembly
- Completed reload, in  0.714 seconds
Domain Reload Profiling:
	ReloadAssembly (714ms)
		BeginReloadAssembly (133ms)
			ExecutionOrderSort (0ms)
			DisableScriptedObjects (6ms)
			BackupInstance (0ms)
			ReleaseScriptingObjects (0ms)
			CreateAndSetChildDomain (27ms)
		EndReloadAssembly (490ms)
			LoadAssemblies (86ms)
			RebuildTransferFunctionScriptingTraits (0ms)
			SetupTypeCache (172ms)
			ReleaseScriptCaches (0ms)
			RebuildScriptCaches (22ms)
			SetupLoadedEditorAssemblies (187ms)
				LogAssemblyErrors (0ms)
				InitializePlatformSupportModulesInManaged (7ms)
				SetLoadedEditorAssemblies (1ms)
				RefreshPlugins (1ms)
				BeforeProcessingInitializeOnLoad (35ms)
				ProcessInitializeOnLoadAttributes (113ms)
				ProcessInitializeOnLoadMethodAttributes (23ms)
				AfterProcessingInitializeOnLoad (8ms)
				EditorAssembliesLoaded (0ms)
			ExecutionOrderSort2 (0ms)
			AwakeInstancesAfterBackupRestoration (8ms)
Platform modules already initialized, skipping
Failed to load shader (instanceID 396, GUID 9c442dc870b456e48b615cd8add0e9ef)
Failed to load shader (instanceID 398, GUID 493b79ea9c9be44ed8b702014d3ac49c)
Refreshing native plugins compatible for Editor in 1.13 ms, found 0 plugins.
Preloading 0 native plugins for Editor in 0.00 ms.
Unloading 3 Unused Serialized files (Serialized files now loaded: 0)
Unloading 0 unused Assets / (9.2 KB). Loaded Objects now: 489.
Memory consumption went from 31.0 MB to 31.0 MB.
Total: 2.311000 ms (FindLiveObjects: 0.030900 ms CreateObjectMapping: 0.003500 ms MarkObjects: 2.272700 ms  DeleteObjects: 0.003000 ms)

AssetImportParameters requested are different than current active one (requested -> active):
  custom:video-decoder-ogg-theora: a1e56fd34408186e4bbccfd4996cb3dc -> 
  custom:container-muxer-webm: aa71ff27fc2769a1b78a27578f13a17b -> 
  custom:container-demuxer-webm: 4f35f7cbe854078d1ac9338744f61a02 -> 
  custom:video-encoder-webm-vp8: eb34c28f22e8b96e1ab97ce403110664 -> 
  custom:audio-encoder-webm-vorbis: bf7c407c2cedff20999df2af8eb42d56 -> 
  custom:framework-win-MediaFoundation: 216162199b28c13a410421893ffa2e32 -> 
  custom:container-demuxer-ogg: 62fdf1f143b41e24485cea50d1cbac27 -> 
  custom:video-decoder-webm-vp8: 9c59270c3fd7afecdb556c50c9e8de78 -> 
  custom:audio-decoder-ogg-vorbis: bf7c407c2cedff20999df2af8eb42d56 -> 
========================================================================
Received Prepare
Registering precompiled user dll's ...
Registered in 0.003983 seconds.
Begin MonoManager ReloadAssembly
Symbol file LoadedFromMemory doesn't match image C:\School\Fork\COMP250---Nightmare-Labyrinth\Unity\COMP250 AI Project\Library\PackageCache\com.unity.visualscripting@1.8.0\Editor\VisualScripting.Core\Dependencies\YamlDotNet\Unity.VisualScripting.YamlDotNet.dll
Symbol file LoadedFromMemory doesn't match image C:\School\Fork\COMP250---Nightmare-Labyrinth\Unity\COMP250 AI Project\Library\PackageCache\com.unity.visualscripting@1.8.0\Editor\VisualScripting.Core\Dependencies\DotNetZip\Unity.VisualScripting.IonicZip.dll
Native extension for WindowsStandalone target not found
Native extension for WebGL target not found
Refreshing native plugins compatible for Editor in 0.89 ms, found 0 plugins.
Preloading 0 native plugins for Editor in 0.00 ms.
Mono: successfully reloaded assembly
- Completed reload, in  0.669 seconds
Domain Reload Profiling:
	ReloadAssembly (669ms)
		BeginReloadAssembly (103ms)
			ExecutionOrderSort (0ms)
			DisableScriptedObjects (5ms)
			BackupInstance (0ms)
			ReleaseScriptingObjects (0ms)
			CreateAndSetChildDomain (20ms)
		EndReloadAssembly (481ms)
			LoadAssemblies (62ms)
			RebuildTransferFunctionScriptingTraits (0ms)
			SetupTypeCache (158ms)
			ReleaseScriptCaches (0ms)
			RebuildScriptCaches (22ms)
			SetupLoadedEditorAssemblies (198ms)
				LogAssemblyErrors (0ms)
				InitializePlatformSupportModulesInManaged (5ms)
				SetLoadedEditorAssemblies (0ms)
				RefreshPlugins (1ms)
				BeforeProcessingInitializeOnLoad (40ms)
				ProcessInitializeOnLoadAttributes (126ms)
				ProcessInitializeOnLoadMethodAttributes (18ms)
				AfterProcessingInitializeOnLoad (6ms)
				EditorAssembliesLoaded (0ms)
			ExecutionOrderSort2 (0ms)
			AwakeInstancesAfterBackupRestoration (7ms)
Platform modules already initialized, skipping
Failed to load shader (instanceID 396, GUID 9c442dc870b456e48b615cd8add0e9ef)
Failed to load shader (instanceID 398, GUID 493b79ea9c9be44ed8b702014d3ac49c)
Refreshing native plugins compatible for Editor in 1.31 ms, found 0 plugins.
Preloading 0 native plugins for Editor in 0.00 ms.
Unloading 3 Unused Serialized files (Serialized files now loaded: 0)
Unloading 0 unused Assets / (9.2 KB). Loaded Objects now: 489.
Memory consumption went from 31.0 MB to 31.0 MB.
Total: 2.092100 ms (FindLiveObjects: 0.041800 ms CreateObjectMapping: 0.004700 ms MarkObjects: 2.041400 ms  DeleteObjects: 0.002900 ms)

AssetImportParameters requested are different than current active one (requested -> active):
  custom:video-decoder-ogg-theora: a1e56fd34408186e4bbccfd4996cb3dc -> 
  custom:container-muxer-webm: aa71ff27fc2769a1b78a27578f13a17b -> 
  custom:container-demuxer-webm: 4f35f7cbe854078d1ac9338744f61a02 -> 
  custom:video-encoder-webm-vp8: eb34c28f22e8b96e1ab97ce403110664 -> 
  custom:audio-encoder-webm-vorbis: bf7c407c2cedff20999df2af8eb42d56 -> 
  custom:framework-win-MediaFoundation: 216162199b28c13a410421893ffa2e32 -> 
  custom:container-demuxer-ogg: 62fdf1f143b41e24485cea50d1cbac27 -> 
  custom:video-decoder-webm-vp8: 9c59270c3fd7afecdb556c50c9e8de78 -> 
  custom:audio-decoder-ogg-vorbis: bf7c407c2cedff20999df2af8eb42d56 -> 
