Using pre-set license
Built from '2021.3/staging' branch; Version is '2021.3.20f1 (577897200b8b) revision 5732503'; Using compiler version '192829333'; Build Type 'Release'
OS: 'Windows 11  (10.0.22621) 64bit Core' Language: 'en' Physical Memory: 32451 MB
BatchMode: 1, IsHumanControllingUs: 0, StartBugReporterOnCrash: 0, Is64bit: 1, IsPro: 1

COMMAND LINE ARGUMENTS:
C:\Program Files\Unity\Hub\Editor\2021.3.20f1\Editor\Unity.exe
-adb2
-batchMode
-noUpm
-name
AssetImportWorker0
-projectPath
C:/School/Fork/COMP250---Nightmare-Labyrinth/Unity/COMP250 AI Project
-logFile
Logs/AssetImportWorker0.log
-srvPort
58191
Successfully changed project path to: C:/School/Fork/COMP250---Nightmare-Labyrinth/Unity/COMP250 AI Project
C:/School/Fork/COMP250---Nightmare-Labyrinth/Unity/COMP250 AI Project
[UnityMemory] Configuration Parameters - Can be set up in boot.config
    "memorysetup-bucket-allocator-granularity=16"
    "memorysetup-bucket-allocator-bucket-count=8"
    "memorysetup-bucket-allocator-block-size=33554432"
    "memorysetup-bucket-allocator-block-count=8"
    "memorysetup-main-allocator-block-size=16777216"
    "memorysetup-thread-allocator-block-size=16777216"
    "memorysetup-gfx-main-allocator-block-size=16777216"
    "memorysetup-gfx-thread-allocator-block-size=16777216"
    "memorysetup-cache-allocator-block-size=4194304"
    "memorysetup-typetree-allocator-block-size=2097152"
    "memorysetup-profiler-bucket-allocator-granularity=16"
    "memorysetup-profiler-bucket-allocator-bucket-count=8"
    "memorysetup-profiler-bucket-allocator-block-size=33554432"
    "memorysetup-profiler-bucket-allocator-block-count=8"
    "memorysetup-profiler-allocator-block-size=16777216"
    "memorysetup-profiler-editor-allocator-block-size=1048576"
    "memorysetup-temp-allocator-size-main=16777216"
    "memorysetup-job-temp-allocator-block-size=2097152"
    "memorysetup-job-temp-allocator-block-size-background=1048576"
    "memorysetup-job-temp-allocator-reduction-small-platforms=262144"
    "memorysetup-temp-allocator-size-background-worker=32768"
    "memorysetup-temp-allocator-size-job-worker=262144"
    "memorysetup-temp-allocator-size-preload-manager=33554432"
    "memorysetup-temp-allocator-size-nav-mesh-worker=65536"
    "memorysetup-temp-allocator-size-audio-worker=65536"
    "memorysetup-temp-allocator-size-cloud-worker=32768"
    "memorysetup-temp-allocator-size-gi-baking-worker=262144"
    "memorysetup-temp-allocator-size-gfx=262144"
Player connection [24984] Host "[IP] 192.168.0.102 [Port] 0 [Flags] 2 [Guid] 2141718813 [EditorId] 2141718813 [Version] 1048832 [Id] WindowsEditor(7,Collin_Jr) [Debug] 1 [PackageName] WindowsEditor [ProjectName] Editor" joined multi-casting on [225.0.0.222:54997]...

Player connection [24984] Host "[IP] 192.168.0.102 [Port] 0 [Flags] 2 [Guid] 2141718813 [EditorId] 2141718813 [Version] 1048832 [Id] WindowsEditor(7,Collin_Jr) [Debug] 1 [PackageName] WindowsEditor [ProjectName] Editor" joined alternative multi-casting on [225.0.0.222:34997]...

Refreshing native plugins compatible for Editor in 45.86 ms, found 0 plugins.
Preloading 0 native plugins for Editor in 0.00 ms.
Initialize engine version: 2021.3.20f1 (577897200b8b)
[Subsystems] Discovering subsystems at path C:/Program Files/Unity/Hub/Editor/2021.3.20f1/Editor/Data/Resources/UnitySubsystems
[Subsystems] Discovering subsystems at path C:/School/Fork/COMP250---Nightmare-Labyrinth/Unity/COMP250 AI Project/Assets
GfxDevice: creating device client; threaded=0; jobified=0
Direct3D:
    Version:  Direct3D 11.0 [level 11.1]
    Renderer: NVIDIA GeForce RTX 3080 Ti Laptop GPU (ID=0x2420)
    Vendor:   NVIDIA
    VRAM:     16189 MB
    Driver:   31.0.15.3118
Initialize mono
Mono path[0] = 'C:/Program Files/Unity/Hub/Editor/2021.3.20f1/Editor/Data/Managed'
Mono path[1] = 'C:/Program Files/Unity/Hub/Editor/2021.3.20f1/Editor/Data/MonoBleedingEdge/lib/mono/unityjit-win32'
Mono config path = 'C:/Program Files/Unity/Hub/Editor/2021.3.20f1/Editor/Data/MonoBleedingEdge/etc'
Using monoOptions --debugger-agent=transport=dt_socket,embedding=1,server=y,suspend=n,address=127.0.0.1:56904
Begin MonoManager ReloadAssembly
Registering precompiled unity dll's ...
Register platform support module: C:/Program Files/Unity/Hub/Editor/2021.3.20f1/Editor/Data/PlaybackEngines/WebGLSupport/UnityEditor.WebGL.Extensions.dll
Register platform support module: C:/Program Files/Unity/Hub/Editor/2021.3.20f1/Editor/Data/PlaybackEngines/WindowsStandaloneSupport/UnityEditor.WindowsStandalone.Extensions.dll
Registered in 0.003985 seconds.
Native extension for WindowsStandalone target not found
Native extension for WebGL target not found
Refreshing native plugins compatible for Editor in 52.09 ms, found 0 plugins.
Preloading 0 native plugins for Editor in 0.00 ms.
Mono: successfully reloaded assembly
- Completed reload, in  0.576 seconds
Domain Reload Profiling:
	ReloadAssembly (576ms)
		BeginReloadAssembly (100ms)
			ExecutionOrderSort (0ms)
			DisableScriptedObjects (0ms)
			BackupInstance (0ms)
			ReleaseScriptingObjects (0ms)
			CreateAndSetChildDomain (1ms)
		EndReloadAssembly (390ms)
			LoadAssemblies (99ms)
			RebuildTransferFunctionScriptingTraits (0ms)
			SetupTypeCache (103ms)
			ReleaseScriptCaches (0ms)
			RebuildScriptCaches (23ms)
			SetupLoadedEditorAssemblies (218ms)
				LogAssemblyErrors (0ms)
				InitializePlatformSupportModulesInManaged (6ms)
				SetLoadedEditorAssemblies (0ms)
				RefreshPlugins (52ms)
				BeforeProcessingInitializeOnLoad (2ms)
				ProcessInitializeOnLoadAttributes (123ms)
				ProcessInitializeOnLoadMethodAttributes (35ms)
				AfterProcessingInitializeOnLoad (0ms)
				EditorAssembliesLoaded (0ms)
			ExecutionOrderSort2 (0ms)
			AwakeInstancesAfterBackupRestoration (0ms)
Platform modules already initialized, skipping
Registering precompiled user dll's ...
Registered in 0.003030 seconds.
Begin MonoManager ReloadAssembly
Symbol file LoadedFromMemory doesn't match image C:\School\Fork\COMP250---Nightmare-Labyrinth\Unity\COMP250 AI Project\Library\PackageCache\com.unity.visualscripting@1.8.0\Editor\VisualScripting.Core\Dependencies\YamlDotNet\Unity.VisualScripting.YamlDotNet.dll
Symbol file LoadedFromMemory doesn't match image C:\School\Fork\COMP250---Nightmare-Labyrinth\Unity\COMP250 AI Project\Library\PackageCache\com.unity.visualscripting@1.8.0\Editor\VisualScripting.Core\Dependencies\DotNetZip\Unity.VisualScripting.IonicZip.dll
Native extension for WindowsStandalone target not found
Native extension for WebGL target not found
Refreshing native plugins compatible for Editor in 0.67 ms, found 0 plugins.
Preloading 0 native plugins for Editor in 0.00 ms.
Mono: successfully reloaded assembly
- Completed reload, in  0.571 seconds
Domain Reload Profiling:
	ReloadAssembly (571ms)
		BeginReloadAssembly (82ms)
			ExecutionOrderSort (0ms)
			DisableScriptedObjects (3ms)
			BackupInstance (0ms)
			ReleaseScriptingObjects (0ms)
			CreateAndSetChildDomain (13ms)
		EndReloadAssembly (417ms)
			LoadAssemblies (51ms)
			RebuildTransferFunctionScriptingTraits (0ms)
			SetupTypeCache (169ms)
			ReleaseScriptCaches (0ms)
			RebuildScriptCaches (23ms)
			SetupLoadedEditorAssemblies (135ms)
				LogAssemblyErrors (0ms)
				InitializePlatformSupportModulesInManaged (4ms)
				SetLoadedEditorAssemblies (0ms)
				RefreshPlugins (1ms)
				BeforeProcessingInitializeOnLoad (28ms)
				ProcessInitializeOnLoadAttributes (83ms)
				ProcessInitializeOnLoadMethodAttributes (14ms)
				AfterProcessingInitializeOnLoad (4ms)
				EditorAssembliesLoaded (0ms)
			ExecutionOrderSort2 (0ms)
			AwakeInstancesAfterBackupRestoration (5ms)
Platform modules already initialized, skipping
========================================================================
Worker process is ready to serve import requests
Failed to load shader (instanceID 396, GUID 9c442dc870b456e48b615cd8add0e9ef)
Failed to load shader (instanceID 398, GUID 493b79ea9c9be44ed8b702014d3ac49c)
Launched and connected shader compiler UnityShaderCompiler.exe after 0.04 seconds
Refreshing native plugins compatible for Editor in 0.80 ms, found 0 plugins.
Preloading 0 native plugins for Editor in 0.00 ms.
Unloading 8 Unused Serialized files (Serialized files now loaded: 0)
Unloading 2 unused Assets / (52.0 KB). Loaded Objects now: 479.
Memory consumption went from 26.8 MB to 26.7 MB.
Total: 2.439900 ms (FindLiveObjects: 0.023800 ms CreateObjectMapping: 0.002900 ms MarkObjects: 2.360600 ms  DeleteObjects: 0.051800 ms)

AssetImportParameters requested are different than current active one (requested -> active):
  custom:video-decoder-ogg-theora: a1e56fd34408186e4bbccfd4996cb3dc -> 
  custom:container-muxer-webm: aa71ff27fc2769a1b78a27578f13a17b -> 
  custom:container-demuxer-webm: 4f35f7cbe854078d1ac9338744f61a02 -> 
  custom:video-encoder-webm-vp8: eb34c28f22e8b96e1ab97ce403110664 -> 
  custom:audio-encoder-webm-vorbis: bf7c407c2cedff20999df2af8eb42d56 -> 
  custom:framework-win-MediaFoundation: 216162199b28c13a410421893ffa2e32 -> 
  custom:container-demuxer-ogg: 62fdf1f143b41e24485cea50d1cbac27 -> 
  custom:video-decoder-webm-vp8: 9c59270c3fd7afecdb556c50c9e8de78 -> 
  custom:audio-decoder-ogg-vorbis: bf7c407c2cedff20999df2af8eb42d56 -> 
========================================================================
Received Import Request.
  Time since last request: 21261.460142 seconds.
  path: Assets/Scene Assets/Bed.prefab
  artifactKey: Guid(3cba5f4c454554b46829e3bbfac67993) Importer(815301076,1909f56bfc062723c751e8b465ee728b)
Start importing Assets/Scene Assets/Bed.prefab using Guid(3cba5f4c454554b46829e3bbfac67993) Importer(815301076,1909f56bfc062723c751e8b465ee728b)  -> (artifact id: 'c753a0a39652e86a088fdabb4414bf60') in 0.043708 seconds 
========================================================================
Received Import Request.
  Time since last request: 9.266319 seconds.
  path: Assets/Scene Assets/Bed.prefab
  artifactKey: Guid(3cba5f4c454554b46829e3bbfac67993) Importer(815301076,1909f56bfc062723c751e8b465ee728b)
Start importing Assets/Scene Assets/Bed.prefab using Guid(3cba5f4c454554b46829e3bbfac67993) Importer(815301076,1909f56bfc062723c751e8b465ee728b)  -> (artifact id: 'bdc381eaf247a6e26e30161fbb71b4fe') in 0.084942 seconds 
========================================================================
Received Import Request.
  Time since last request: 15.970574 seconds.
  path: Assets/Scene Assets/Bed.prefab
  artifactKey: Guid(3cba5f4c454554b46829e3bbfac67993) Importer(815301076,1909f56bfc062723c751e8b465ee728b)
Start importing Assets/Scene Assets/Bed.prefab using Guid(3cba5f4c454554b46829e3bbfac67993) Importer(815301076,1909f56bfc062723c751e8b465ee728b)  -> (artifact id: '25e7258f27409ee1e81eac5ea4e01bac') in 0.008479 seconds 
========================================================================
Received Import Request.
  Time since last request: 1.805308 seconds.
  path: Assets/Scene Assets/Bed.prefab
  artifactKey: Guid(3cba5f4c454554b46829e3bbfac67993) Importer(815301076,1909f56bfc062723c751e8b465ee728b)
Start importing Assets/Scene Assets/Bed.prefab using Guid(3cba5f4c454554b46829e3bbfac67993) Importer(815301076,1909f56bfc062723c751e8b465ee728b)  -> (artifact id: '60b916360fdf19db12439f5e60e46f5d') in 0.009834 seconds 
========================================================================
Received Import Request.
  Time since last request: 2.208411 seconds.
  path: Assets/Scene Assets/Bed.prefab
  artifactKey: Guid(3cba5f4c454554b46829e3bbfac67993) Importer(815301076,1909f56bfc062723c751e8b465ee728b)
Start importing Assets/Scene Assets/Bed.prefab using Guid(3cba5f4c454554b46829e3bbfac67993) Importer(815301076,1909f56bfc062723c751e8b465ee728b)  -> (artifact id: 'b4aa029f950ef1734abb71eb4932e2db') in 0.005975 seconds 
========================================================================
Received Import Request.
  Time since last request: 4.820888 seconds.
  path: Assets/Scene Assets/Bed.prefab
  artifactKey: Guid(3cba5f4c454554b46829e3bbfac67993) Importer(815301076,1909f56bfc062723c751e8b465ee728b)
Start importing Assets/Scene Assets/Bed.prefab using Guid(3cba5f4c454554b46829e3bbfac67993) Importer(815301076,1909f56bfc062723c751e8b465ee728b)  -> (artifact id: 'a46f58570ac317630549ba0275bc86a1') in 0.005690 seconds 
========================================================================
Received Import Request.
  Time since last request: 11.831506 seconds.
  path: Assets/Scene Assets/Bed.prefab
  artifactKey: Guid(3cba5f4c454554b46829e3bbfac67993) Importer(815301076,1909f56bfc062723c751e8b465ee728b)
Start importing Assets/Scene Assets/Bed.prefab using Guid(3cba5f4c454554b46829e3bbfac67993) Importer(815301076,1909f56bfc062723c751e8b465ee728b)  -> (artifact id: 'a49b66ceafdf4315056072e9d88263d7') in 0.012438 seconds 
========================================================================
Received Import Request.
  Time since last request: 2.599141 seconds.
  path: Assets/Scene Assets/Bed.prefab
  artifactKey: Guid(3cba5f4c454554b46829e3bbfac67993) Importer(815301076,1909f56bfc062723c751e8b465ee728b)
Start importing Assets/Scene Assets/Bed.prefab using Guid(3cba5f4c454554b46829e3bbfac67993) Importer(815301076,1909f56bfc062723c751e8b465ee728b)  -> (artifact id: '8eb56a621b252ebc6281a2358bb4e1b2') in 0.007461 seconds 
========================================================================
Received Import Request.
  Time since last request: 1.805299 seconds.
  path: Assets/Scene Assets/Bed.prefab
  artifactKey: Guid(3cba5f4c454554b46829e3bbfac67993) Importer(815301076,1909f56bfc062723c751e8b465ee728b)
Start importing Assets/Scene Assets/Bed.prefab using Guid(3cba5f4c454554b46829e3bbfac67993) Importer(815301076,1909f56bfc062723c751e8b465ee728b)  -> (artifact id: 'cbf8acf3ba2623f3c66503b8601697d2') in 0.008204 seconds 
========================================================================
Received Import Request.
  Time since last request: 1.601569 seconds.
  path: Assets/Scene Assets/Bed.prefab
  artifactKey: Guid(3cba5f4c454554b46829e3bbfac67993) Importer(815301076,1909f56bfc062723c751e8b465ee728b)
Start importing Assets/Scene Assets/Bed.prefab using Guid(3cba5f4c454554b46829e3bbfac67993) Importer(815301076,1909f56bfc062723c751e8b465ee728b)  -> (artifact id: '748b8d553505433ba9171a7a516d13a6') in 0.008538 seconds 
========================================================================
Received Import Request.
  Time since last request: 5.791365 seconds.
  path: Assets/Scene Assets/Bed.prefab
  artifactKey: Guid(3cba5f4c454554b46829e3bbfac67993) Importer(815301076,1909f56bfc062723c751e8b465ee728b)
Start importing Assets/Scene Assets/Bed.prefab using Guid(3cba5f4c454554b46829e3bbfac67993) Importer(815301076,1909f56bfc062723c751e8b465ee728b)  -> (artifact id: 'a9ccc085ec9ef027883aee51305f15f7') in 0.010176 seconds 
========================================================================
Received Import Request.
  Time since last request: 2.808597 seconds.
  path: Assets/Scene Assets/Bed.prefab
  artifactKey: Guid(3cba5f4c454554b46829e3bbfac67993) Importer(815301076,1909f56bfc062723c751e8b465ee728b)
Start importing Assets/Scene Assets/Bed.prefab using Guid(3cba5f4c454554b46829e3bbfac67993) Importer(815301076,1909f56bfc062723c751e8b465ee728b)  -> (artifact id: 'fbc3ea7d2d9bb4b48184133f3495f11e') in 0.009227 seconds 
========================================================================
Received Import Request.
  Time since last request: 4.219544 seconds.
  path: Assets/Scene Assets/Bed.prefab
  artifactKey: Guid(3cba5f4c454554b46829e3bbfac67993) Importer(815301076,1909f56bfc062723c751e8b465ee728b)
Start importing Assets/Scene Assets/Bed.prefab using Guid(3cba5f4c454554b46829e3bbfac67993) Importer(815301076,1909f56bfc062723c751e8b465ee728b)  -> (artifact id: '3a1d4e2edc3592e706ed8e3382f22b3e') in 0.008789 seconds 
========================================================================
Received Import Request.
  Time since last request: 1.205470 seconds.
  path: Assets/Scene Assets/Bed.prefab
  artifactKey: Guid(3cba5f4c454554b46829e3bbfac67993) Importer(815301076,1909f56bfc062723c751e8b465ee728b)
Start importing Assets/Scene Assets/Bed.prefab using Guid(3cba5f4c454554b46829e3bbfac67993) Importer(815301076,1909f56bfc062723c751e8b465ee728b)  -> (artifact id: '352796918ce7f6fc39b30539644fa4c2') in 0.007609 seconds 
========================================================================
Received Import Request.
  Time since last request: 4.018422 seconds.
  path: Assets/Scene Assets/Bed.prefab
  artifactKey: Guid(3cba5f4c454554b46829e3bbfac67993) Importer(815301076,1909f56bfc062723c751e8b465ee728b)
Start importing Assets/Scene Assets/Bed.prefab using Guid(3cba5f4c454554b46829e3bbfac67993) Importer(815301076,1909f56bfc062723c751e8b465ee728b)  -> (artifact id: '01ccc0da45f2ecfc35ba3cbeca990628') in 0.010871 seconds 
========================================================================
Received Import Request.
  Time since last request: 3.390046 seconds.
  path: Assets/Scene Assets/Bed.prefab
  artifactKey: Guid(3cba5f4c454554b46829e3bbfac67993) Importer(815301076,1909f56bfc062723c751e8b465ee728b)
Start importing Assets/Scene Assets/Bed.prefab using Guid(3cba5f4c454554b46829e3bbfac67993) Importer(815301076,1909f56bfc062723c751e8b465ee728b)  -> (artifact id: '0759e91c200016f4302fbd2cc43a16be') in 0.010307 seconds 
========================================================================
Received Import Request.
  Time since last request: 4.627615 seconds.
  path: Assets/Scene Assets/Bed.prefab
  artifactKey: Guid(3cba5f4c454554b46829e3bbfac67993) Importer(815301076,1909f56bfc062723c751e8b465ee728b)
Start importing Assets/Scene Assets/Bed.prefab using Guid(3cba5f4c454554b46829e3bbfac67993) Importer(815301076,1909f56bfc062723c751e8b465ee728b)  -> (artifact id: 'ee98f8eba551d17f16b53334c1e4e9d9') in 0.008879 seconds 
========================================================================
Received Import Request.
  Time since last request: 7.857300 seconds.
  path: Assets/Scene Assets/Bed.prefab
  artifactKey: Guid(3cba5f4c454554b46829e3bbfac67993) Importer(815301076,1909f56bfc062723c751e8b465ee728b)
Start importing Assets/Scene Assets/Bed.prefab using Guid(3cba5f4c454554b46829e3bbfac67993) Importer(815301076,1909f56bfc062723c751e8b465ee728b)  -> (artifact id: '570dd4d8ec00de3f71d93692473a9572') in 0.008159 seconds 
========================================================================
Received Import Request.
  Time since last request: 2.815560 seconds.
  path: Assets/Scene Assets/Bed.prefab
  artifactKey: Guid(3cba5f4c454554b46829e3bbfac67993) Importer(815301076,1909f56bfc062723c751e8b465ee728b)
Start importing Assets/Scene Assets/Bed.prefab using Guid(3cba5f4c454554b46829e3bbfac67993) Importer(815301076,1909f56bfc062723c751e8b465ee728b)  -> (artifact id: '2775e582c3fb990d5cad794b2fe4367f') in 0.009795 seconds 
========================================================================
Received Import Request.
  Time since last request: 2.003652 seconds.
  path: Assets/Scene Assets/Bed.prefab
  artifactKey: Guid(3cba5f4c454554b46829e3bbfac67993) Importer(815301076,1909f56bfc062723c751e8b465ee728b)
Start importing Assets/Scene Assets/Bed.prefab using Guid(3cba5f4c454554b46829e3bbfac67993) Importer(815301076,1909f56bfc062723c751e8b465ee728b)  -> (artifact id: '1642939eb5e565fe4e6a7dc2673941f1') in 0.010611 seconds 
========================================================================
Received Import Request.
  Time since last request: 1.609416 seconds.
  path: Assets/Scene Assets/Bed.prefab
  artifactKey: Guid(3cba5f4c454554b46829e3bbfac67993) Importer(815301076,1909f56bfc062723c751e8b465ee728b)
Start importing Assets/Scene Assets/Bed.prefab using Guid(3cba5f4c454554b46829e3bbfac67993) Importer(815301076,1909f56bfc062723c751e8b465ee728b)  -> (artifact id: '858b5dc26c241f1c193345ab51ec1ebe') in 0.010180 seconds 
========================================================================
Received Import Request.
  Time since last request: 3.914251 seconds.
  path: Assets/Scene Assets/Bed.prefab
  artifactKey: Guid(3cba5f4c454554b46829e3bbfac67993) Importer(815301076,1909f56bfc062723c751e8b465ee728b)
Start importing Assets/Scene Assets/Bed.prefab using Guid(3cba5f4c454554b46829e3bbfac67993) Importer(815301076,1909f56bfc062723c751e8b465ee728b)  -> (artifact id: '0befae68e257dc6251708fdd1d812355') in 0.009025 seconds 
========================================================================
Received Import Request.
  Time since last request: 2.657519 seconds.
  path: Assets/Scene Assets/Bed.prefab
  artifactKey: Guid(3cba5f4c454554b46829e3bbfac67993) Importer(815301076,1909f56bfc062723c751e8b465ee728b)
Start importing Assets/Scene Assets/Bed.prefab using Guid(3cba5f4c454554b46829e3bbfac67993) Importer(815301076,1909f56bfc062723c751e8b465ee728b)  -> (artifact id: '0cb794662c7ceb55d1d5a8954fea688d') in 0.010930 seconds 
========================================================================
Received Import Request.
  Time since last request: 3.621917 seconds.
  path: Assets/Scene Assets/Bed.prefab
  artifactKey: Guid(3cba5f4c454554b46829e3bbfac67993) Importer(815301076,1909f56bfc062723c751e8b465ee728b)
Start importing Assets/Scene Assets/Bed.prefab using Guid(3cba5f4c454554b46829e3bbfac67993) Importer(815301076,1909f56bfc062723c751e8b465ee728b)  -> (artifact id: '5506f1f29f36c01d56e737b16769eb90') in 0.008282 seconds 
========================================================================
Received Import Request.
  Time since last request: 6.014173 seconds.
  path: Assets/Scene Assets/Bed.prefab
  artifactKey: Guid(3cba5f4c454554b46829e3bbfac67993) Importer(815301076,1909f56bfc062723c751e8b465ee728b)
Start importing Assets/Scene Assets/Bed.prefab using Guid(3cba5f4c454554b46829e3bbfac67993) Importer(815301076,1909f56bfc062723c751e8b465ee728b)  -> (artifact id: '56ca992a311e4c67be8e007848e6e53e') in 0.010367 seconds 
========================================================================
Received Import Request.
  Time since last request: 7.665029 seconds.
  path: Assets/Scene Assets/Bed.prefab
  artifactKey: Guid(3cba5f4c454554b46829e3bbfac67993) Importer(815301076,1909f56bfc062723c751e8b465ee728b)
Start importing Assets/Scene Assets/Bed.prefab using Guid(3cba5f4c454554b46829e3bbfac67993) Importer(815301076,1909f56bfc062723c751e8b465ee728b)  -> (artifact id: '82a3040ad285c5663aec0807230d2c17') in 0.008412 seconds 
========================================================================
Received Import Request.
  Time since last request: 3.425537 seconds.
  path: Assets/Scene Assets/Bed.prefab
  artifactKey: Guid(3cba5f4c454554b46829e3bbfac67993) Importer(815301076,1909f56bfc062723c751e8b465ee728b)
Start importing Assets/Scene Assets/Bed.prefab using Guid(3cba5f4c454554b46829e3bbfac67993) Importer(815301076,1909f56bfc062723c751e8b465ee728b)  -> (artifact id: '36d8ba362cbd459027677d9972862e4b') in 0.009825 seconds 
========================================================================
Received Import Request.
  Time since last request: 3.022180 seconds.
  path: Assets/Scene Assets/Bed.prefab
  artifactKey: Guid(3cba5f4c454554b46829e3bbfac67993) Importer(815301076,1909f56bfc062723c751e8b465ee728b)
Start importing Assets/Scene Assets/Bed.prefab using Guid(3cba5f4c454554b46829e3bbfac67993) Importer(815301076,1909f56bfc062723c751e8b465ee728b)  -> (artifact id: 'bd3215723b9dff6d48481b31618f5084') in 0.010190 seconds 
========================================================================
Received Prepare
Registering precompiled user dll's ...
Registered in 0.002547 seconds.
Begin MonoManager ReloadAssembly
Symbol file LoadedFromMemory doesn't match image C:\School\Fork\COMP250---Nightmare-Labyrinth\Unity\COMP250 AI Project\Library\PackageCache\com.unity.visualscripting@1.8.0\Editor\VisualScripting.Core\Dependencies\YamlDotNet\Unity.VisualScripting.YamlDotNet.dll
Symbol file LoadedFromMemory doesn't match image C:\School\Fork\COMP250---Nightmare-Labyrinth\Unity\COMP250 AI Project\Library\PackageCache\com.unity.visualscripting@1.8.0\Editor\VisualScripting.Core\Dependencies\DotNetZip\Unity.VisualScripting.IonicZip.dll
Native extension for WindowsStandalone target not found
Native extension for WebGL target not found
Refreshing native plugins compatible for Editor in 0.66 ms, found 0 plugins.
Preloading 0 native plugins for Editor in 0.00 ms.
Mono: successfully reloaded assembly
- Completed reload, in  0.529 seconds
Domain Reload Profiling:
	ReloadAssembly (530ms)
		BeginReloadAssembly (95ms)
			ExecutionOrderSort (0ms)
			DisableScriptedObjects (3ms)
			BackupInstance (0ms)
			ReleaseScriptingObjects (0ms)
			CreateAndSetChildDomain (20ms)
		EndReloadAssembly (366ms)
			LoadAssemblies (57ms)
			RebuildTransferFunctionScriptingTraits (0ms)
			SetupTypeCache (135ms)
			ReleaseScriptCaches (0ms)
			RebuildScriptCaches (21ms)
			SetupLoadedEditorAssemblies (125ms)
				LogAssemblyErrors (0ms)
				InitializePlatformSupportModulesInManaged (4ms)
				SetLoadedEditorAssemblies (0ms)
				RefreshPlugins (1ms)
				BeforeProcessingInitializeOnLoad (25ms)
				ProcessInitializeOnLoadAttributes (74ms)
				ProcessInitializeOnLoadMethodAttributes (16ms)
				AfterProcessingInitializeOnLoad (5ms)
				EditorAssembliesLoaded (0ms)
			ExecutionOrderSort2 (0ms)
			AwakeInstancesAfterBackupRestoration (6ms)
Platform modules already initialized, skipping
Failed to load shader (instanceID 396, GUID 9c442dc870b456e48b615cd8add0e9ef)
Failed to load shader (instanceID 398, GUID 493b79ea9c9be44ed8b702014d3ac49c)
Refreshing native plugins compatible for Editor in 1.09 ms, found 0 plugins.
Preloading 0 native plugins for Editor in 0.00 ms.
Unloading 3 Unused Serialized files (Serialized files now loaded: 0)
Unloading 0 unused Assets / (9.2 KB). Loaded Objects now: 490.
Memory consumption went from 30.9 MB to 30.9 MB.
Total: 1.880500 ms (FindLiveObjects: 0.039800 ms CreateObjectMapping: 0.003800 ms MarkObjects: 1.833700 ms  DeleteObjects: 0.002200 ms)

AssetImportParameters requested are different than current active one (requested -> active):
  custom:video-decoder-ogg-theora: a1e56fd34408186e4bbccfd4996cb3dc -> 
  custom:container-muxer-webm: aa71ff27fc2769a1b78a27578f13a17b -> 
  custom:container-demuxer-webm: 4f35f7cbe854078d1ac9338744f61a02 -> 
  custom:video-encoder-webm-vp8: eb34c28f22e8b96e1ab97ce403110664 -> 
  custom:audio-encoder-webm-vorbis: bf7c407c2cedff20999df2af8eb42d56 -> 
  custom:framework-win-MediaFoundation: 216162199b28c13a410421893ffa2e32 -> 
  custom:container-demuxer-ogg: 62fdf1f143b41e24485cea50d1cbac27 -> 
  custom:video-decoder-webm-vp8: 9c59270c3fd7afecdb556c50c9e8de78 -> 
  custom:audio-decoder-ogg-vorbis: bf7c407c2cedff20999df2af8eb42d56 -> 
========================================================================
Received Prepare
Registering precompiled user dll's ...
Registered in 0.003995 seconds.
Begin MonoManager ReloadAssembly
Symbol file LoadedFromMemory doesn't match image C:\School\Fork\COMP250---Nightmare-Labyrinth\Unity\COMP250 AI Project\Library\PackageCache\com.unity.visualscripting@1.8.0\Editor\VisualScripting.Core\Dependencies\YamlDotNet\Unity.VisualScripting.YamlDotNet.dll
Symbol file LoadedFromMemory doesn't match image C:\School\Fork\COMP250---Nightmare-Labyrinth\Unity\COMP250 AI Project\Library\PackageCache\com.unity.visualscripting@1.8.0\Editor\VisualScripting.Core\Dependencies\DotNetZip\Unity.VisualScripting.IonicZip.dll
Native extension for WindowsStandalone target not found
Native extension for WebGL target not found
Refreshing native plugins compatible for Editor in 0.66 ms, found 0 plugins.
Preloading 0 native plugins for Editor in 0.00 ms.
Mono: successfully reloaded assembly
- Completed reload, in  0.510 seconds
Domain Reload Profiling:
	ReloadAssembly (510ms)
		BeginReloadAssembly (91ms)
			ExecutionOrderSort (0ms)
			DisableScriptedObjects (4ms)
			BackupInstance (0ms)
			ReleaseScriptingObjects (0ms)
			CreateAndSetChildDomain (16ms)
		EndReloadAssembly (353ms)
			LoadAssemblies (54ms)
			RebuildTransferFunctionScriptingTraits (0ms)
			SetupTypeCache (126ms)
			ReleaseScriptCaches (0ms)
			RebuildScriptCaches (17ms)
			SetupLoadedEditorAssemblies (135ms)
				LogAssemblyErrors (0ms)
				InitializePlatformSupportModulesInManaged (4ms)
				SetLoadedEditorAssemblies (0ms)
				RefreshPlugins (1ms)
				BeforeProcessingInitializeOnLoad (27ms)
				ProcessInitializeOnLoadAttributes (81ms)
				ProcessInitializeOnLoadMethodAttributes (16ms)
				AfterProcessingInitializeOnLoad (6ms)
				EditorAssembliesLoaded (0ms)
			ExecutionOrderSort2 (0ms)
			AwakeInstancesAfterBackupRestoration (6ms)
Platform modules already initialized, skipping
Failed to load shader (instanceID 396, GUID 9c442dc870b456e48b615cd8add0e9ef)
Failed to load shader (instanceID 398, GUID 493b79ea9c9be44ed8b702014d3ac49c)
Refreshing native plugins compatible for Editor in 1.55 ms, found 0 plugins.
Preloading 0 native plugins for Editor in 0.00 ms.
Unloading 3 Unused Serialized files (Serialized files now loaded: 0)
Unloading 0 unused Assets / (9.2 KB). Loaded Objects now: 490.
Memory consumption went from 30.9 MB to 30.9 MB.
Total: 1.818600 ms (FindLiveObjects: 0.024300 ms CreateObjectMapping: 0.002400 ms MarkObjects: 1.787800 ms  DeleteObjects: 0.003100 ms)

AssetImportParameters requested are different than current active one (requested -> active):
  custom:video-decoder-ogg-theora: a1e56fd34408186e4bbccfd4996cb3dc -> 
  custom:container-muxer-webm: aa71ff27fc2769a1b78a27578f13a17b -> 
  custom:container-demuxer-webm: 4f35f7cbe854078d1ac9338744f61a02 -> 
  custom:video-encoder-webm-vp8: eb34c28f22e8b96e1ab97ce403110664 -> 
  custom:audio-encoder-webm-vorbis: bf7c407c2cedff20999df2af8eb42d56 -> 
  custom:framework-win-MediaFoundation: 216162199b28c13a410421893ffa2e32 -> 
  custom:container-demuxer-ogg: 62fdf1f143b41e24485cea50d1cbac27 -> 
  custom:video-decoder-webm-vp8: 9c59270c3fd7afecdb556c50c9e8de78 -> 
  custom:audio-decoder-ogg-vorbis: bf7c407c2cedff20999df2af8eb42d56 -> 
========================================================================
Received Prepare
Registering precompiled user dll's ...
Registered in 0.005282 seconds.
Begin MonoManager ReloadAssembly
Symbol file LoadedFromMemory doesn't match image C:\School\Fork\COMP250---Nightmare-Labyrinth\Unity\COMP250 AI Project\Library\PackageCache\com.unity.visualscripting@1.8.0\Editor\VisualScripting.Core\Dependencies\YamlDotNet\Unity.VisualScripting.YamlDotNet.dll
Symbol file LoadedFromMemory doesn't match image C:\School\Fork\COMP250---Nightmare-Labyrinth\Unity\COMP250 AI Project\Library\PackageCache\com.unity.visualscripting@1.8.0\Editor\VisualScripting.Core\Dependencies\DotNetZip\Unity.VisualScripting.IonicZip.dll
Native extension for WindowsStandalone target not found
Native extension for WebGL target not found
Refreshing native plugins compatible for Editor in 0.79 ms, found 0 plugins.
Preloading 0 native plugins for Editor in 0.00 ms.
Mono: successfully reloaded assembly
- Completed reload, in  0.487 seconds
Domain Reload Profiling:
	ReloadAssembly (487ms)
		BeginReloadAssembly (88ms)
			ExecutionOrderSort (0ms)
			DisableScriptedObjects (4ms)
			BackupInstance (0ms)
			ReleaseScriptingObjects (0ms)
			CreateAndSetChildDomain (18ms)
		EndReloadAssembly (334ms)
			LoadAssemblies (53ms)
			RebuildTransferFunctionScriptingTraits (0ms)
			SetupTypeCache (125ms)
			ReleaseScriptCaches (0ms)
			RebuildScriptCaches (17ms)
			SetupLoadedEditorAssemblies (119ms)
				LogAssemblyErrors (0ms)
				InitializePlatformSupportModulesInManaged (5ms)
				SetLoadedEditorAssemblies (0ms)
				RefreshPlugins (1ms)
				BeforeProcessingInitializeOnLoad (25ms)
				ProcessInitializeOnLoadAttributes (69ms)
				ProcessInitializeOnLoadMethodAttributes (14ms)
				AfterProcessingInitializeOnLoad (5ms)
				EditorAssembliesLoaded (0ms)
			ExecutionOrderSort2 (0ms)
			AwakeInstancesAfterBackupRestoration (5ms)
Platform modules already initialized, skipping
Failed to load shader (instanceID 396, GUID 9c442dc870b456e48b615cd8add0e9ef)
Failed to load shader (instanceID 398, GUID 493b79ea9c9be44ed8b702014d3ac49c)
Refreshing native plugins compatible for Editor in 0.83 ms, found 0 plugins.
Preloading 0 native plugins for Editor in 0.00 ms.
Unloading 3 Unused Serialized files (Serialized files now loaded: 0)
Unloading 0 unused Assets / (9.2 KB). Loaded Objects now: 490.
Memory consumption went from 30.9 MB to 30.9 MB.
Total: 1.987200 ms (FindLiveObjects: 0.027400 ms CreateObjectMapping: 0.003000 ms MarkObjects: 1.953600 ms  DeleteObjects: 0.002200 ms)

AssetImportParameters requested are different than current active one (requested -> active):
  custom:video-decoder-ogg-theora: a1e56fd34408186e4bbccfd4996cb3dc -> 
  custom:container-muxer-webm: aa71ff27fc2769a1b78a27578f13a17b -> 
  custom:container-demuxer-webm: 4f35f7cbe854078d1ac9338744f61a02 -> 
  custom:video-encoder-webm-vp8: eb34c28f22e8b96e1ab97ce403110664 -> 
  custom:audio-encoder-webm-vorbis: bf7c407c2cedff20999df2af8eb42d56 -> 
  custom:framework-win-MediaFoundation: 216162199b28c13a410421893ffa2e32 -> 
  custom:container-demuxer-ogg: 62fdf1f143b41e24485cea50d1cbac27 -> 
  custom:video-decoder-webm-vp8: 9c59270c3fd7afecdb556c50c9e8de78 -> 
  custom:audio-decoder-ogg-vorbis: bf7c407c2cedff20999df2af8eb42d56 -> 
========================================================================
Received Prepare
Registering precompiled user dll's ...
Registered in 0.003404 seconds.
Begin MonoManager ReloadAssembly
Symbol file LoadedFromMemory doesn't match image C:\School\Fork\COMP250---Nightmare-Labyrinth\Unity\COMP250 AI Project\Library\PackageCache\com.unity.visualscripting@1.8.0\Editor\VisualScripting.Core\Dependencies\YamlDotNet\Unity.VisualScripting.YamlDotNet.dll
Symbol file LoadedFromMemory doesn't match image C:\School\Fork\COMP250---Nightmare-Labyrinth\Unity\COMP250 AI Project\Library\PackageCache\com.unity.visualscripting@1.8.0\Editor\VisualScripting.Core\Dependencies\DotNetZip\Unity.VisualScripting.IonicZip.dll
Native extension for WindowsStandalone target not found
Native extension for WebGL target not found
Refreshing native plugins compatible for Editor in 0.69 ms, found 0 plugins.
Preloading 0 native plugins for Editor in 0.00 ms.
Mono: successfully reloaded assembly
- Completed reload, in  0.520 seconds
Domain Reload Profiling:
	ReloadAssembly (521ms)
		BeginReloadAssembly (93ms)
			ExecutionOrderSort (0ms)
			DisableScriptedObjects (5ms)
			BackupInstance (0ms)
			ReleaseScriptingObjects (0ms)
			CreateAndSetChildDomain (18ms)
		EndReloadAssembly (360ms)
			LoadAssemblies (55ms)
			RebuildTransferFunctionScriptingTraits (0ms)
			SetupTypeCache (132ms)
			ReleaseScriptCaches (0ms)
			RebuildScriptCaches (17ms)
			SetupLoadedEditorAssemblies (132ms)
				LogAssemblyErrors (0ms)
				InitializePlatformSupportModulesInManaged (4ms)
				SetLoadedEditorAssemblies (0ms)
				RefreshPlugins (1ms)
				BeforeProcessingInitializeOnLoad (26ms)
				ProcessInitializeOnLoadAttributes (78ms)
				ProcessInitializeOnLoadMethodAttributes (18ms)
				AfterProcessingInitializeOnLoad (5ms)
				EditorAssembliesLoaded (0ms)
			ExecutionOrderSort2 (0ms)
			AwakeInstancesAfterBackupRestoration (5ms)
Platform modules already initialized, skipping
Failed to load shader (instanceID 396, GUID 9c442dc870b456e48b615cd8add0e9ef)
Failed to load shader (instanceID 398, GUID 493b79ea9c9be44ed8b702014d3ac49c)
Refreshing native plugins compatible for Editor in 0.81 ms, found 0 plugins.
Preloading 0 native plugins for Editor in 0.00 ms.
Unloading 3 Unused Serialized files (Serialized files now loaded: 0)
Unloading 0 unused Assets / (9.2 KB). Loaded Objects now: 490.
Memory consumption went from 30.9 MB to 30.9 MB.
Total: 1.995800 ms (FindLiveObjects: 0.026600 ms CreateObjectMapping: 0.003400 ms MarkObjects: 1.962200 ms  DeleteObjects: 0.002900 ms)

AssetImportParameters requested are different than current active one (requested -> active):
  custom:video-decoder-ogg-theora: a1e56fd34408186e4bbccfd4996cb3dc -> 
  custom:container-muxer-webm: aa71ff27fc2769a1b78a27578f13a17b -> 
  custom:container-demuxer-webm: 4f35f7cbe854078d1ac9338744f61a02 -> 
  custom:video-encoder-webm-vp8: eb34c28f22e8b96e1ab97ce403110664 -> 
  custom:audio-encoder-webm-vorbis: bf7c407c2cedff20999df2af8eb42d56 -> 
  custom:framework-win-MediaFoundation: 216162199b28c13a410421893ffa2e32 -> 
  custom:container-demuxer-ogg: 62fdf1f143b41e24485cea50d1cbac27 -> 
  custom:video-decoder-webm-vp8: 9c59270c3fd7afecdb556c50c9e8de78 -> 
  custom:audio-decoder-ogg-vorbis: bf7c407c2cedff20999df2af8eb42d56 -> 
========================================================================
Received Import Request.
  Time since last request: 685.445768 seconds.
  path: Assets/Scene Assets/Fridge.prefab
  artifactKey: Guid(93364117aba616c49861bbd441c70601) Importer(815301076,1909f56bfc062723c751e8b465ee728b)
Start importing Assets/Scene Assets/Fridge.prefab using Guid(93364117aba616c49861bbd441c70601) Importer(815301076,1909f56bfc062723c751e8b465ee728b)  -> (artifact id: '86bb4ee0d1ddfac5fbe4a48fabb1e15f') in 0.025723 seconds 
========================================================================
Received Import Request.
  Time since last request: 10.072501 seconds.
  path: ProjectSettings/TagManager.asset
  artifactKey: Guid(00000000000000003000000000000000) Importer(815301076,1909f56bfc062723c751e8b465ee728b)
Start importing ProjectSettings/TagManager.asset using Guid(00000000000000003000000000000000) Importer(815301076,1909f56bfc062723c751e8b465ee728b)  -> (artifact id: 'faf795f3c8e6f438765dbf1d58363eff') in 0.006176 seconds 
========================================================================
Received Import Request.
  Time since last request: 12.696679 seconds.
  path: Assets/Scene Assets/Bed.prefab
  artifactKey: Guid(3cba5f4c454554b46829e3bbfac67993) Importer(815301076,1909f56bfc062723c751e8b465ee728b)
Start importing Assets/Scene Assets/Bed.prefab using Guid(3cba5f4c454554b46829e3bbfac67993) Importer(815301076,1909f56bfc062723c751e8b465ee728b)  -> (artifact id: '01ec6ee06b4e8d8292402b2075f9b6e8') in 0.025096 seconds 
========================================================================
Received Import Request.
  Time since last request: 11.948015 seconds.
  path: Assets/Scene Assets/Fridge.prefab
  artifactKey: Guid(93364117aba616c49861bbd441c70601) Importer(815301076,1909f56bfc062723c751e8b465ee728b)
Start importing Assets/Scene Assets/Fridge.prefab using Guid(93364117aba616c49861bbd441c70601) Importer(815301076,1909f56bfc062723c751e8b465ee728b)  -> (artifact id: '2cb78bfa089881eca2dd1c54838d0012') in 0.003767 seconds 
========================================================================
Received Import Request.
  Time since last request: 69.106866 seconds.
  path: Assets/Scene Assets/Fridge.prefab
  artifactKey: Guid(93364117aba616c49861bbd441c70601) Importer(815301076,1909f56bfc062723c751e8b465ee728b)
Start importing Assets/Scene Assets/Fridge.prefab using Guid(93364117aba616c49861bbd441c70601) Importer(815301076,1909f56bfc062723c751e8b465ee728b)  -> (artifact id: 'ea81ee768ff6f1473a0e1cf24ba20616') in 0.013296 seconds 
========================================================================
Received Import Request.
  Time since last request: 11.065450 seconds.
  path: Assets/Scene Assets/Fridge.prefab
  artifactKey: Guid(93364117aba616c49861bbd441c70601) Importer(815301076,1909f56bfc062723c751e8b465ee728b)
Start importing Assets/Scene Assets/Fridge.prefab using Guid(93364117aba616c49861bbd441c70601) Importer(815301076,1909f56bfc062723c751e8b465ee728b)  -> (artifact id: '5c43015b451bf3ef050b62c1b98241b5') in 0.010135 seconds 
========================================================================
Received Prepare
Registering precompiled user dll's ...
Registered in 0.003557 seconds.
Begin MonoManager ReloadAssembly
Symbol file LoadedFromMemory doesn't match image C:\School\Fork\COMP250---Nightmare-Labyrinth\Unity\COMP250 AI Project\Library\PackageCache\com.unity.visualscripting@1.8.0\Editor\VisualScripting.Core\Dependencies\YamlDotNet\Unity.VisualScripting.YamlDotNet.dll
Symbol file LoadedFromMemory doesn't match image C:\School\Fork\COMP250---Nightmare-Labyrinth\Unity\COMP250 AI Project\Library\PackageCache\com.unity.visualscripting@1.8.0\Editor\VisualScripting.Core\Dependencies\DotNetZip\Unity.VisualScripting.IonicZip.dll
Native extension for WindowsStandalone target not found
Native extension for WebGL target not found
Refreshing native plugins compatible for Editor in 0.86 ms, found 0 plugins.
Preloading 0 native plugins for Editor in 0.00 ms.
Mono: successfully reloaded assembly
- Completed reload, in  0.519 seconds
Domain Reload Profiling:
	ReloadAssembly (520ms)
		BeginReloadAssembly (87ms)
			ExecutionOrderSort (0ms)
			DisableScriptedObjects (3ms)
			BackupInstance (0ms)
			ReleaseScriptingObjects (0ms)
			CreateAndSetChildDomain (18ms)
		EndReloadAssembly (366ms)
			LoadAssemblies (52ms)
			RebuildTransferFunctionScriptingTraits (0ms)
			SetupTypeCache (123ms)
			ReleaseScriptCaches (0ms)
			RebuildScriptCaches (21ms)
			SetupLoadedEditorAssemblies (133ms)
				LogAssemblyErrors (0ms)
				InitializePlatformSupportModulesInManaged (4ms)
				SetLoadedEditorAssemblies (0ms)
				RefreshPlugins (1ms)
				BeforeProcessingInitializeOnLoad (27ms)
				ProcessInitializeOnLoadAttributes (81ms)
				ProcessInitializeOnLoadMethodAttributes (14ms)
				AfterProcessingInitializeOnLoad (5ms)
				EditorAssembliesLoaded (0ms)
			ExecutionOrderSort2 (0ms)
			AwakeInstancesAfterBackupRestoration (6ms)
Platform modules already initialized, skipping
Failed to load shader (instanceID 396, GUID 9c442dc870b456e48b615cd8add0e9ef)
Failed to load shader (instanceID 398, GUID 493b79ea9c9be44ed8b702014d3ac49c)
Refreshing native plugins compatible for Editor in 0.77 ms, found 0 plugins.
Preloading 0 native plugins for Editor in 0.00 ms.
Unloading 3 Unused Serialized files (Serialized files now loaded: 0)
Unloading 1 unused Assets / (9.3 KB). Loaded Objects now: 490.
Memory consumption went from 31.0 MB to 31.0 MB.
Total: 1.693700 ms (FindLiveObjects: 0.026000 ms CreateObjectMapping: 0.002900 ms MarkObjects: 1.654000 ms  DeleteObjects: 0.009700 ms)

AssetImportParameters requested are different than current active one (requested -> active):
  custom:video-decoder-ogg-theora: a1e56fd34408186e4bbccfd4996cb3dc -> 
  custom:container-muxer-webm: aa71ff27fc2769a1b78a27578f13a17b -> 
  custom:container-demuxer-webm: 4f35f7cbe854078d1ac9338744f61a02 -> 
  custom:video-encoder-webm-vp8: eb34c28f22e8b96e1ab97ce403110664 -> 
  custom:audio-encoder-webm-vorbis: bf7c407c2cedff20999df2af8eb42d56 -> 
  custom:framework-win-MediaFoundation: 216162199b28c13a410421893ffa2e32 -> 
  custom:container-demuxer-ogg: 62fdf1f143b41e24485cea50d1cbac27 -> 
  custom:video-decoder-webm-vp8: 9c59270c3fd7afecdb556c50c9e8de78 -> 
  custom:audio-decoder-ogg-vorbis: bf7c407c2cedff20999df2af8eb42d56 -> 
